[0.034s] Invoking command in '/home/peach/ros2_ws/src/lucia_slam_navigation/build/lucia_slam': CMAKE_PREFIX_PATH=${CMAKE_PREFIX_PATH}:/home/peach/ros2_ws/install/urdf_tutorial_r2d2:/home/peach/ros2_ws/install/urdf_robot:/home/peach/ros2_ws/install/ros2_workshop:/home/peach/ros2_ws/install/lucia_slam_navigation:/home/peach/ros2_ws/src/urdf_tutorial_r2d2/install/urdf_tutorial_r2d2:/home/peach/ros2_ws/src/install/urdf_tutorial_r2d2:/home/peach/ros2_ws/src/install/urdf_robot:/home/peach/ros2_ws/src/install/ros2_workshop:/opt/ros/humble /usr/bin/cmake --build /home/peach/ros2_ws/src/lucia_slam_navigation/build/lucia_slam -- -j4 -l4
[0.100s] Invoked command in '/home/peach/ros2_ws/src/lucia_slam_navigation/build/lucia_slam' returned '0': CMAKE_PREFIX_PATH=${CMAKE_PREFIX_PATH}:/home/peach/ros2_ws/install/urdf_tutorial_r2d2:/home/peach/ros2_ws/install/urdf_robot:/home/peach/ros2_ws/install/ros2_workshop:/home/peach/ros2_ws/install/lucia_slam_navigation:/home/peach/ros2_ws/src/urdf_tutorial_r2d2/install/urdf_tutorial_r2d2:/home/peach/ros2_ws/src/install/urdf_tutorial_r2d2:/home/peach/ros2_ws/src/install/urdf_robot:/home/peach/ros2_ws/src/install/ros2_workshop:/opt/ros/humble /usr/bin/cmake --build /home/peach/ros2_ws/src/lucia_slam_navigation/build/lucia_slam -- -j4 -l4
[0.175s] Invoking command in '/home/peach/ros2_ws/src/lucia_slam_navigation/build/lucia_slam': CMAKE_PREFIX_PATH=${CMAKE_PREFIX_PATH}:/home/peach/ros2_ws/install/urdf_tutorial_r2d2:/home/peach/ros2_ws/install/urdf_robot:/home/peach/ros2_ws/install/ros2_workshop:/home/peach/ros2_ws/install/lucia_slam_navigation:/home/peach/ros2_ws/src/urdf_tutorial_r2d2/install/urdf_tutorial_r2d2:/home/peach/ros2_ws/src/install/urdf_tutorial_r2d2:/home/peach/ros2_ws/src/install/urdf_robot:/home/peach/ros2_ws/src/install/ros2_workshop:/opt/ros/humble /usr/bin/cmake --install /home/peach/ros2_ws/src/lucia_slam_navigation/build/lucia_slam
[0.188s] -- Install configuration: ""
[0.189s] -- Up-to-date: /home/peach/ros2_ws/src/lucia_slam_navigation/install/lucia_slam/share/lucia_slam/launch
[0.189s] -- Up-to-date: /home/peach/ros2_ws/src/lucia_slam_navigation/install/lucia_slam/share/lucia_slam/launch/slam.launch.py
[0.191s] -- Up-to-date: /home/peach/ros2_ws/src/lucia_slam_navigation/install/lucia_slam/share/lucia_slam/launch/description.launch.py
[0.192s] -- Up-to-date: /home/peach/ros2_ws/src/lucia_slam_navigation/install/lucia_slam/share/lucia_slam/launch/robot_bringup.launch.py
[0.192s] -- Up-to-date: /home/peach/ros2_ws/src/lucia_slam_navigation/install/lucia_slam/share/lucia_slam/config
[0.192s] -- Up-to-date: /home/peach/ros2_ws/src/lucia_slam_navigation/install/lucia_slam/share/lucia_slam/config/mapper_params_online_sync.yaml
[0.192s] -- Up-to-date: /home/peach/ros2_ws/src/lucia_slam_navigation/install/lucia_slam/share/lucia_slam/rviz
[0.192s] -- Up-to-date: /home/peach/ros2_ws/src/lucia_slam_navigation/install/lucia_slam/share/lucia_slam/rviz/default.rviz
[0.193s] -- Up-to-date: /home/peach/ros2_ws/src/lucia_slam_navigation/install/lucia_slam/share/ament_index/resource_index/package_run_dependencies/lucia_slam
[0.193s] -- Up-to-date: /home/peach/ros2_ws/src/lucia_slam_navigation/install/lucia_slam/share/ament_index/resource_index/parent_prefix_path/lucia_slam
[0.193s] -- Up-to-date: /home/peach/ros2_ws/src/lucia_slam_navigation/install/lucia_slam/share/lucia_slam/environment/ament_prefix_path.sh
[0.193s] -- Up-to-date: /home/peach/ros2_ws/src/lucia_slam_navigation/install/lucia_slam/share/lucia_slam/environment/ament_prefix_path.dsv
[0.193s] -- Up-to-date: /home/peach/ros2_ws/src/lucia_slam_navigation/install/lucia_slam/share/lucia_slam/environment/path.sh
[0.193s] -- Up-to-date: /home/peach/ros2_ws/src/lucia_slam_navigation/install/lucia_slam/share/lucia_slam/environment/path.dsv
[0.193s] -- Up-to-date: /home/peach/ros2_ws/src/lucia_slam_navigation/install/lucia_slam/share/lucia_slam/local_setup.bash
[0.193s] -- Up-to-date: /home/peach/ros2_ws/src/lucia_slam_navigation/install/lucia_slam/share/lucia_slam/local_setup.sh
[0.193s] -- Up-to-date: /home/peach/ros2_ws/src/lucia_slam_navigation/install/lucia_slam/share/lucia_slam/local_setup.zsh
[0.193s] -- Up-to-date: /home/peach/ros2_ws/src/lucia_slam_navigation/install/lucia_slam/share/lucia_slam/local_setup.dsv
[0.193s] -- Up-to-date: /home/peach/ros2_ws/src/lucia_slam_navigation/install/lucia_slam/share/lucia_slam/package.dsv
[0.194s] -- Up-to-date: /home/peach/ros2_ws/src/lucia_slam_navigation/install/lucia_slam/share/ament_index/resource_index/packages/lucia_slam
[0.194s] -- Up-to-date: /home/peach/ros2_ws/src/lucia_slam_navigation/install/lucia_slam/share/lucia_slam/cmake/lucia_slamConfig.cmake
[0.194s] -- Up-to-date: /home/peach/ros2_ws/src/lucia_slam_navigation/install/lucia_slam/share/lucia_slam/cmake/lucia_slamConfig-version.cmake
[0.195s] -- Up-to-date: /home/peach/ros2_ws/src/lucia_slam_navigation/install/lucia_slam/share/lucia_slam/package.xml
[0.210s] Invoked command in '/home/peach/ros2_ws/src/lucia_slam_navigation/build/lucia_slam' returned '0': CMAKE_PREFIX_PATH=${CMAKE_PREFIX_PATH}:/home/peach/ros2_ws/install/urdf_tutorial_r2d2:/home/peach/ros2_ws/install/urdf_robot:/home/peach/ros2_ws/install/ros2_workshop:/home/peach/ros2_ws/install/lucia_slam_navigation:/home/peach/ros2_ws/src/urdf_tutorial_r2d2/install/urdf_tutorial_r2d2:/home/peach/ros2_ws/src/install/urdf_tutorial_r2d2:/home/peach/ros2_ws/src/install/urdf_robot:/home/peach/ros2_ws/src/install/ros2_workshop:/opt/ros/humble /usr/bin/cmake --install /home/peach/ros2_ws/src/lucia_slam_navigation/build/lucia_slam
