[0.114s] DEBUG:colcon:Command line arguments: ['/usr/bin/colcon', 'build', '--packages-select', 'lucia_cartographer']
[0.114s] DEBUG:colcon:Parsed command line arguments: Namespace(log_base=None, log_level=None, verb_name='build', build_base='build', install_base='install', merge_install=False, symlink_install=False, test_result_base=None, continue_on_error=False, executor='parallel', parallel_workers=4, event_handlers=None, ignore_user_meta=False, metas=['./colcon.meta'], base_paths=['.'], packages_ignore=None, packages_ignore_regex=None, paths=None, packages_up_to=None, packages_up_to_regex=None, packages_above=None, packages_above_and_dependencies=None, packages_above_depth=None, packages_select_by_dep=None, packages_skip_by_dep=None, packages_skip_up_to=None, packages_select_build_failed=False, packages_skip_build_finished=False, packages_select_test_failures=False, packages_skip_test_passed=False, packages_select=['lucia_cartographer'], packages_skip=None, packages_select_regex=None, packages_skip_regex=None, packages_start=None, packages_end=None, allow_overriding=[], cmake_args=None, cmake_target=None, cmake_target_skip_unavailable=False, cmake_clean_cache=False, cmake_clean_first=False, cmake_force_configure=False, ament_cmake_args=None, catkin_cmake_args=None, catkin_skip_building_tests=False, verb_parser=<colcon_defaults.argument_parser.defaults.DefaultArgumentsDecorator object at 0x724ef46d2d40>, verb_extension=<colcon_core.verb.build.BuildVerb object at 0x724ef46d2770>, main=<bound method BuildVerb.main of <colcon_core.verb.build.BuildVerb object at 0x724ef46d2770>>)
[0.306s] Level 1:colcon.colcon_core.package_discovery:discover_packages(colcon_meta) check parameters
[0.306s] Level 1:colcon.colcon_core.package_discovery:discover_packages(recursive) check parameters
[0.306s] Level 1:colcon.colcon_core.package_discovery:discover_packages(ignore) check parameters
[0.306s] Level 1:colcon.colcon_core.package_discovery:discover_packages(path) check parameters
[0.306s] Level 1:colcon.colcon_core.package_discovery:discover_packages(colcon_meta) discover
[0.306s] Level 1:colcon.colcon_core.package_discovery:discover_packages(recursive) discover
[0.306s] INFO:colcon.colcon_core.package_discovery:Crawling recursively for packages in '/home/peach/ros2_ws/src/lucia_slam_navigation'
[0.307s] Level 1:colcon.colcon_core.package_identification:_identify(.) by extensions ['ignore', 'ignore_ament_install']
[0.307s] Level 1:colcon.colcon_core.package_identification:_identify(.) by extension 'ignore'
[0.307s] Level 1:colcon.colcon_core.package_identification:_identify(.) by extension 'ignore_ament_install'
[0.307s] Level 1:colcon.colcon_core.package_identification:_identify(.) by extensions ['colcon_pkg']
[0.307s] Level 1:colcon.colcon_core.package_identification:_identify(.) by extension 'colcon_pkg'
[0.307s] Level 1:colcon.colcon_core.package_identification:_identify(.) by extensions ['colcon_meta']
[0.307s] Level 1:colcon.colcon_core.package_identification:_identify(.) by extension 'colcon_meta'
[0.307s] Level 1:colcon.colcon_core.package_identification:_identify(.) by extensions ['ros']
[0.307s] Level 1:colcon.colcon_core.package_identification:_identify(.) by extension 'ros'
[0.318s] Level 1:colcon.colcon_core.package_identification:_identify(.) by extensions ['cmake', 'python']
[0.318s] Level 1:colcon.colcon_core.package_identification:_identify(.) by extension 'cmake'
[0.319s] Level 1:colcon.colcon_core.package_identification:_identify(.) by extension 'python'
[0.319s] Level 1:colcon.colcon_core.package_identification:_identify(.) by extensions ['python_setup_py']
[0.319s] Level 1:colcon.colcon_core.package_identification:_identify(.) by extension 'python_setup_py'
[0.319s] Level 1:colcon.colcon_core.package_identification:_identify(build) by extensions ['ignore', 'ignore_ament_install']
[0.319s] Level 1:colcon.colcon_core.package_identification:_identify(build) by extension 'ignore'
[0.319s] Level 1:colcon.colcon_core.package_identification:_identify(build) ignored
[0.319s] Level 1:colcon.colcon_core.package_identification:_identify(include) by extensions ['ignore', 'ignore_ament_install']
[0.319s] Level 1:colcon.colcon_core.package_identification:_identify(include) by extension 'ignore'
[0.319s] Level 1:colcon.colcon_core.package_identification:_identify(include) by extension 'ignore_ament_install'
[0.319s] Level 1:colcon.colcon_core.package_identification:_identify(include) by extensions ['colcon_pkg']
[0.319s] Level 1:colcon.colcon_core.package_identification:_identify(include) by extension 'colcon_pkg'
[0.319s] Level 1:colcon.colcon_core.package_identification:_identify(include) by extensions ['colcon_meta']
[0.319s] Level 1:colcon.colcon_core.package_identification:_identify(include) by extension 'colcon_meta'
[0.319s] Level 1:colcon.colcon_core.package_identification:_identify(include) by extensions ['ros']
[0.319s] Level 1:colcon.colcon_core.package_identification:_identify(include) by extension 'ros'
[0.320s] Level 1:colcon.colcon_core.package_identification:_identify(include) by extensions ['cmake', 'python']
[0.320s] Level 1:colcon.colcon_core.package_identification:_identify(include) by extension 'cmake'
[0.320s] Level 1:colcon.colcon_core.package_identification:_identify(include) by extension 'python'
[0.320s] Level 1:colcon.colcon_core.package_identification:_identify(include) by extensions ['python_setup_py']
[0.320s] Level 1:colcon.colcon_core.package_identification:_identify(include) by extension 'python_setup_py'
[0.320s] Level 1:colcon.colcon_core.package_identification:_identify(include/lucia_slam_navigation) by extensions ['ignore', 'ignore_ament_install']
[0.320s] Level 1:colcon.colcon_core.package_identification:_identify(include/lucia_slam_navigation) by extension 'ignore'
[0.320s] Level 1:colcon.colcon_core.package_identification:_identify(include/lucia_slam_navigation) by extension 'ignore_ament_install'
[0.320s] Level 1:colcon.colcon_core.package_identification:_identify(include/lucia_slam_navigation) by extensions ['colcon_pkg']
[0.320s] Level 1:colcon.colcon_core.package_identification:_identify(include/lucia_slam_navigation) by extension 'colcon_pkg'
[0.320s] Level 1:colcon.colcon_core.package_identification:_identify(include/lucia_slam_navigation) by extensions ['colcon_meta']
[0.320s] Level 1:colcon.colcon_core.package_identification:_identify(include/lucia_slam_navigation) by extension 'colcon_meta'
[0.320s] Level 1:colcon.colcon_core.package_identification:_identify(include/lucia_slam_navigation) by extensions ['ros']
[0.320s] Level 1:colcon.colcon_core.package_identification:_identify(include/lucia_slam_navigation) by extension 'ros'
[0.320s] Level 1:colcon.colcon_core.package_identification:_identify(include/lucia_slam_navigation) by extensions ['cmake', 'python']
[0.320s] Level 1:colcon.colcon_core.package_identification:_identify(include/lucia_slam_navigation) by extension 'cmake'
[0.320s] Level 1:colcon.colcon_core.package_identification:_identify(include/lucia_slam_navigation) by extension 'python'
[0.321s] Level 1:colcon.colcon_core.package_identification:_identify(include/lucia_slam_navigation) by extensions ['python_setup_py']
[0.321s] Level 1:colcon.colcon_core.package_identification:_identify(include/lucia_slam_navigation) by extension 'python_setup_py'
[0.321s] Level 1:colcon.colcon_core.package_identification:_identify(install) by extensions ['ignore', 'ignore_ament_install']
[0.321s] Level 1:colcon.colcon_core.package_identification:_identify(install) by extension 'ignore'
[0.321s] Level 1:colcon.colcon_core.package_identification:_identify(install) ignored
[0.321s] Level 1:colcon.colcon_core.package_identification:_identify(log) by extensions ['ignore', 'ignore_ament_install']
[0.321s] Level 1:colcon.colcon_core.package_identification:_identify(log) by extension 'ignore'
[0.321s] Level 1:colcon.colcon_core.package_identification:_identify(log) ignored
[0.321s] Level 1:colcon.colcon_core.package_identification:_identify(lucia_cartographer) by extensions ['ignore', 'ignore_ament_install']
[0.321s] Level 1:colcon.colcon_core.package_identification:_identify(lucia_cartographer) by extension 'ignore'
[0.321s] Level 1:colcon.colcon_core.package_identification:_identify(lucia_cartographer) by extension 'ignore_ament_install'
[0.322s] Level 1:colcon.colcon_core.package_identification:_identify(lucia_cartographer) by extensions ['colcon_pkg']
[0.322s] Level 1:colcon.colcon_core.package_identification:_identify(lucia_cartographer) by extension 'colcon_pkg'
[0.322s] Level 1:colcon.colcon_core.package_identification:_identify(lucia_cartographer) by extensions ['colcon_meta']
[0.322s] Level 1:colcon.colcon_core.package_identification:_identify(lucia_cartographer) by extension 'colcon_meta'
[0.322s] Level 1:colcon.colcon_core.package_identification:_identify(lucia_cartographer) by extensions ['ros']
[0.322s] Level 1:colcon.colcon_core.package_identification:_identify(lucia_cartographer) by extension 'ros'
[0.324s] DEBUG:colcon.colcon_core.package_identification:Package 'lucia_cartographer' with type 'ros.ament_cmake' and name 'lucia_cartographer'
[0.324s] Level 1:colcon.colcon_core.package_identification:_identify(lucia_navigation) by extensions ['ignore', 'ignore_ament_install']
[0.324s] Level 1:colcon.colcon_core.package_identification:_identify(lucia_navigation) by extension 'ignore'
[0.325s] Level 1:colcon.colcon_core.package_identification:_identify(lucia_navigation) by extension 'ignore_ament_install'
[0.325s] Level 1:colcon.colcon_core.package_identification:_identify(lucia_navigation) by extensions ['colcon_pkg']
[0.325s] Level 1:colcon.colcon_core.package_identification:_identify(lucia_navigation) by extension 'colcon_pkg'
[0.325s] Level 1:colcon.colcon_core.package_identification:_identify(lucia_navigation) by extensions ['colcon_meta']
[0.325s] Level 1:colcon.colcon_core.package_identification:_identify(lucia_navigation) by extension 'colcon_meta'
[0.325s] Level 1:colcon.colcon_core.package_identification:_identify(lucia_navigation) by extensions ['ros']
[0.325s] Level 1:colcon.colcon_core.package_identification:_identify(lucia_navigation) by extension 'ros'
[0.325s] Level 1:colcon.colcon_core.package_identification:_identify(lucia_navigation) by extensions ['cmake', 'python']
[0.325s] Level 1:colcon.colcon_core.package_identification:_identify(lucia_navigation) by extension 'cmake'
[0.325s] Level 1:colcon.colcon_core.package_identification:_identify(lucia_navigation) by extension 'python'
[0.325s] Level 1:colcon.colcon_core.package_identification:_identify(lucia_navigation) by extensions ['python_setup_py']
[0.325s] Level 1:colcon.colcon_core.package_identification:_identify(lucia_navigation) by extension 'python_setup_py'
[0.325s] Level 1:colcon.colcon_core.package_identification:_identify(lucia_slam) by extensions ['ignore', 'ignore_ament_install']
[0.325s] Level 1:colcon.colcon_core.package_identification:_identify(lucia_slam) by extension 'ignore'
[0.325s] Level 1:colcon.colcon_core.package_identification:_identify(lucia_slam) by extension 'ignore_ament_install'
[0.325s] Level 1:colcon.colcon_core.package_identification:_identify(lucia_slam) by extensions ['colcon_pkg']
[0.325s] Level 1:colcon.colcon_core.package_identification:_identify(lucia_slam) by extension 'colcon_pkg'
[0.325s] Level 1:colcon.colcon_core.package_identification:_identify(lucia_slam) by extensions ['colcon_meta']
[0.325s] Level 1:colcon.colcon_core.package_identification:_identify(lucia_slam) by extension 'colcon_meta'
[0.326s] Level 1:colcon.colcon_core.package_identification:_identify(lucia_slam) by extensions ['ros']
[0.326s] Level 1:colcon.colcon_core.package_identification:_identify(lucia_slam) by extension 'ros'
[0.326s] DEBUG:colcon.colcon_core.package_identification:Package 'lucia_slam' with type 'ros.ament_cmake' and name 'lucia_slam'
[0.326s] Level 1:colcon.colcon_core.package_discovery:discover_packages(recursive) using defaults
[0.327s] Level 1:colcon.colcon_core.package_discovery:discover_packages(ignore) discover
[0.327s] Level 1:colcon.colcon_core.package_discovery:discover_packages(ignore) using defaults
[0.327s] Level 1:colcon.colcon_core.package_discovery:discover_packages(path) discover
[0.327s] Level 1:colcon.colcon_core.package_discovery:discover_packages(path) using defaults
[0.353s] INFO:colcon.colcon_core.package_selection:Skipping not selected package 'lucia_slam' in 'lucia_slam'
[0.353s] Level 1:colcon.colcon_core.package_discovery:discover_packages(prefix_path) check parameters
[0.353s] Level 1:colcon.colcon_core.package_discovery:discover_packages(prefix_path) discover
[0.361s] DEBUG:colcon.colcon_installed_package_information.package_discovery:Found 28 installed packages in /home/peach/ros2_ws/install
[0.361s] DEBUG:colcon.colcon_installed_package_information.package_discovery:Found 5 installed packages in /home/peach/install
[0.362s] DEBUG:colcon.colcon_installed_package_information.package_discovery:Found 1 installed packages in /home/peach/ros2_ws/src/urdf_tutorial_r2d2/install
[0.363s] DEBUG:colcon.colcon_installed_package_information.package_discovery:Found 19 installed packages in /home/peach/ros2_ws/src/install
[0.369s] DEBUG:colcon.colcon_installed_package_information.package_discovery:Found 430 installed packages in /opt/ros/humble
[0.371s] Level 1:colcon.colcon_core.package_discovery:discover_packages(prefix_path) using defaults
[0.431s] Level 5:colcon.colcon_core.verb:set package 'lucia_cartographer' build argument 'cmake_args' from command line to 'None'
[0.432s] Level 5:colcon.colcon_core.verb:set package 'lucia_cartographer' build argument 'cmake_target' from command line to 'None'
[0.432s] Level 5:colcon.colcon_core.verb:set package 'lucia_cartographer' build argument 'cmake_target_skip_unavailable' from command line to 'False'
[0.432s] Level 5:colcon.colcon_core.verb:set package 'lucia_cartographer' build argument 'cmake_clean_cache' from command line to 'False'
[0.432s] Level 5:colcon.colcon_core.verb:set package 'lucia_cartographer' build argument 'cmake_clean_first' from command line to 'False'
[0.432s] Level 5:colcon.colcon_core.verb:set package 'lucia_cartographer' build argument 'cmake_force_configure' from command line to 'False'
[0.432s] Level 5:colcon.colcon_core.verb:set package 'lucia_cartographer' build argument 'ament_cmake_args' from command line to 'None'
[0.432s] Level 5:colcon.colcon_core.verb:set package 'lucia_cartographer' build argument 'catkin_cmake_args' from command line to 'None'
[0.432s] Level 5:colcon.colcon_core.verb:set package 'lucia_cartographer' build argument 'catkin_skip_building_tests' from command line to 'False'
[0.432s] DEBUG:colcon.colcon_core.verb:Building package 'lucia_cartographer' with the following arguments: {'ament_cmake_args': None, 'build_base': '/home/peach/ros2_ws/src/lucia_slam_navigation/build/lucia_cartographer', 'catkin_cmake_args': None, 'catkin_skip_building_tests': False, 'cmake_args': None, 'cmake_clean_cache': False, 'cmake_clean_first': False, 'cmake_force_configure': False, 'cmake_target': None, 'cmake_target_skip_unavailable': False, 'install_base': '/home/peach/ros2_ws/src/lucia_slam_navigation/install/lucia_cartographer', 'merge_install': False, 'path': '/home/peach/ros2_ws/src/lucia_slam_navigation/lucia_cartographer', 'symlink_install': False, 'test_result_base': None}
[0.432s] INFO:colcon.colcon_core.executor:Executing jobs using 'parallel' executor
[0.433s] DEBUG:colcon.colcon_parallel_executor.executor.parallel:run_until_complete
[0.433s] INFO:colcon.colcon_ros.task.ament_cmake.build:Building ROS package in '/home/peach/ros2_ws/src/lucia_slam_navigation/lucia_cartographer' with build type 'ament_cmake'
[0.434s] INFO:colcon.colcon_cmake.task.cmake.build:Building CMake package in '/home/peach/ros2_ws/src/lucia_slam_navigation/lucia_cartographer'
[0.437s] INFO:colcon.colcon_core.plugin_system:Skipping extension 'colcon_core.shell.bat': Not used on non-Windows systems
[0.437s] INFO:colcon.colcon_core.shell:Skip shell extension 'powershell' for command environment: Not usable outside of PowerShell
[0.437s] DEBUG:colcon.colcon_core.shell:Skip shell extension 'dsv' for command environment
[0.460s] DEBUG:colcon.colcon_core.event_handler.log_command:Invoking command in '/home/peach/ros2_ws/src/lucia_slam_navigation/build/lucia_cartographer': CMAKE_PREFIX_PATH=${CMAKE_PREFIX_PATH}:/home/peach/ros2_ws/install/urdf_tutorial_r2d2:/home/peach/ros2_ws/install/urdf_robot:/home/peach/ros2_ws/install/ros2_workshop:/home/peach/ros2_ws/install/lucia_slam_navigation:/home/peach/ros2_ws/src/urdf_tutorial_r2d2/install/urdf_tutorial_r2d2:/home/peach/ros2_ws/src/install/urdf_tutorial_r2d2:/home/peach/ros2_ws/src/install/urdf_robot:/home/peach/ros2_ws/src/install/ros2_workshop:/opt/ros/humble /usr/bin/cmake --build /home/peach/ros2_ws/src/lucia_slam_navigation/build/lucia_cartographer -- -j4 -l4
[0.531s] DEBUG:colcon.colcon_core.event_handler.log_command:Invoked command in '/home/peach/ros2_ws/src/lucia_slam_navigation/build/lucia_cartographer' returned '0': CMAKE_PREFIX_PATH=${CMAKE_PREFIX_PATH}:/home/peach/ros2_ws/install/urdf_tutorial_r2d2:/home/peach/ros2_ws/install/urdf_robot:/home/peach/ros2_ws/install/ros2_workshop:/home/peach/ros2_ws/install/lucia_slam_navigation:/home/peach/ros2_ws/src/urdf_tutorial_r2d2/install/urdf_tutorial_r2d2:/home/peach/ros2_ws/src/install/urdf_tutorial_r2d2:/home/peach/ros2_ws/src/install/urdf_robot:/home/peach/ros2_ws/src/install/ros2_workshop:/opt/ros/humble /usr/bin/cmake --build /home/peach/ros2_ws/src/lucia_slam_navigation/build/lucia_cartographer -- -j4 -l4
[0.609s] DEBUG:colcon.colcon_core.event_handler.log_command:Invoking command in '/home/peach/ros2_ws/src/lucia_slam_navigation/build/lucia_cartographer': CMAKE_PREFIX_PATH=${CMAKE_PREFIX_PATH}:/home/peach/ros2_ws/install/urdf_tutorial_r2d2:/home/peach/ros2_ws/install/urdf_robot:/home/peach/ros2_ws/install/ros2_workshop:/home/peach/ros2_ws/install/lucia_slam_navigation:/home/peach/ros2_ws/src/urdf_tutorial_r2d2/install/urdf_tutorial_r2d2:/home/peach/ros2_ws/src/install/urdf_tutorial_r2d2:/home/peach/ros2_ws/src/install/urdf_robot:/home/peach/ros2_ws/src/install/ros2_workshop:/opt/ros/humble /usr/bin/cmake --install /home/peach/ros2_ws/src/lucia_slam_navigation/build/lucia_cartographer
[0.629s] Level 1:colcon.colcon_core.environment:create_environment_scripts_only(lucia_cartographer)
[0.629s] DEBUG:colcon.colcon_core.event_handler.log_command:Invoked command in '/home/peach/ros2_ws/src/lucia_slam_navigation/build/lucia_cartographer' returned '0': CMAKE_PREFIX_PATH=${CMAKE_PREFIX_PATH}:/home/peach/ros2_ws/install/urdf_tutorial_r2d2:/home/peach/ros2_ws/install/urdf_robot:/home/peach/ros2_ws/install/ros2_workshop:/home/peach/ros2_ws/install/lucia_slam_navigation:/home/peach/ros2_ws/src/urdf_tutorial_r2d2/install/urdf_tutorial_r2d2:/home/peach/ros2_ws/src/install/urdf_tutorial_r2d2:/home/peach/ros2_ws/src/install/urdf_robot:/home/peach/ros2_ws/src/install/ros2_workshop:/opt/ros/humble /usr/bin/cmake --install /home/peach/ros2_ws/src/lucia_slam_navigation/build/lucia_cartographer
[0.632s] Level 1:colcon.colcon_core.environment:checking '/home/peach/ros2_ws/src/lucia_slam_navigation/install/lucia_cartographer' for CMake module files
[0.633s] Level 1:colcon.colcon_core.environment:checking '/home/peach/ros2_ws/src/lucia_slam_navigation/install/lucia_cartographer' for CMake config files
[0.633s] Level 1:colcon.colcon_core.shell:create_environment_hook('lucia_cartographer', 'cmake_prefix_path')
[0.634s] INFO:colcon.colcon_core.shell:Creating environment hook '/home/peach/ros2_ws/src/lucia_slam_navigation/install/lucia_cartographer/share/lucia_cartographer/hook/cmake_prefix_path.ps1'
[0.634s] INFO:colcon.colcon_core.shell:Creating environment descriptor '/home/peach/ros2_ws/src/lucia_slam_navigation/install/lucia_cartographer/share/lucia_cartographer/hook/cmake_prefix_path.dsv'
[0.635s] INFO:colcon.colcon_core.shell:Creating environment hook '/home/peach/ros2_ws/src/lucia_slam_navigation/install/lucia_cartographer/share/lucia_cartographer/hook/cmake_prefix_path.sh'
[0.636s] Level 1:colcon.colcon_core.environment:checking '/home/peach/ros2_ws/src/lucia_slam_navigation/install/lucia_cartographer/bin'
[0.636s] Level 1:colcon.colcon_core.environment:checking '/home/peach/ros2_ws/src/lucia_slam_navigation/install/lucia_cartographer/lib/pkgconfig/lucia_cartographer.pc'
[0.636s] Level 1:colcon.colcon_core.environment:checking '/home/peach/ros2_ws/src/lucia_slam_navigation/install/lucia_cartographer/lib/python3.10/site-packages'
[0.636s] Level 1:colcon.colcon_core.environment:checking '/home/peach/ros2_ws/src/lucia_slam_navigation/install/lucia_cartographer/bin'
[0.637s] INFO:colcon.colcon_core.shell:Creating package script '/home/peach/ros2_ws/src/lucia_slam_navigation/install/lucia_cartographer/share/lucia_cartographer/package.ps1'
[0.637s] INFO:colcon.colcon_core.shell:Creating package descriptor '/home/peach/ros2_ws/src/lucia_slam_navigation/install/lucia_cartographer/share/lucia_cartographer/package.dsv'
[0.638s] INFO:colcon.colcon_core.shell:Creating package script '/home/peach/ros2_ws/src/lucia_slam_navigation/install/lucia_cartographer/share/lucia_cartographer/package.sh'
[0.639s] INFO:colcon.colcon_core.shell:Creating package script '/home/peach/ros2_ws/src/lucia_slam_navigation/install/lucia_cartographer/share/lucia_cartographer/package.bash'
[0.639s] INFO:colcon.colcon_core.shell:Creating package script '/home/peach/ros2_ws/src/lucia_slam_navigation/install/lucia_cartographer/share/lucia_cartographer/package.zsh'
[0.640s] Level 1:colcon.colcon_core.environment:create_file_with_runtime_dependencies(/home/peach/ros2_ws/src/lucia_slam_navigation/install/lucia_cartographer/share/colcon-core/packages/lucia_cartographer)
[0.698s] Level 1:colcon.colcon_core.environment:create_environment_scripts_only(lucia_cartographer)
[0.698s] Level 1:colcon.colcon_core.environment:checking '/home/peach/ros2_ws/src/lucia_slam_navigation/install/lucia_cartographer' for CMake module files
[0.699s] Level 1:colcon.colcon_core.environment:checking '/home/peach/ros2_ws/src/lucia_slam_navigation/install/lucia_cartographer' for CMake config files
[0.699s] Level 1:colcon.colcon_core.shell:create_environment_hook('lucia_cartographer', 'cmake_prefix_path')
[0.699s] INFO:colcon.colcon_core.shell:Creating environment hook '/home/peach/ros2_ws/src/lucia_slam_navigation/install/lucia_cartographer/share/lucia_cartographer/hook/cmake_prefix_path.ps1'
[0.700s] INFO:colcon.colcon_core.shell:Creating environment descriptor '/home/peach/ros2_ws/src/lucia_slam_navigation/install/lucia_cartographer/share/lucia_cartographer/hook/cmake_prefix_path.dsv'
[0.700s] INFO:colcon.colcon_core.shell:Creating environment hook '/home/peach/ros2_ws/src/lucia_slam_navigation/install/lucia_cartographer/share/lucia_cartographer/hook/cmake_prefix_path.sh'
[0.701s] Level 1:colcon.colcon_core.environment:checking '/home/peach/ros2_ws/src/lucia_slam_navigation/install/lucia_cartographer/bin'
[0.701s] Level 1:colcon.colcon_core.environment:checking '/home/peach/ros2_ws/src/lucia_slam_navigation/install/lucia_cartographer/lib/pkgconfig/lucia_cartographer.pc'
[0.701s] Level 1:colcon.colcon_core.environment:checking '/home/peach/ros2_ws/src/lucia_slam_navigation/install/lucia_cartographer/lib/python3.10/site-packages'
[0.701s] Level 1:colcon.colcon_core.environment:checking '/home/peach/ros2_ws/src/lucia_slam_navigation/install/lucia_cartographer/bin'
[0.702s] INFO:colcon.colcon_core.shell:Creating package script '/home/peach/ros2_ws/src/lucia_slam_navigation/install/lucia_cartographer/share/lucia_cartographer/package.ps1'
[0.702s] INFO:colcon.colcon_core.shell:Creating package descriptor '/home/peach/ros2_ws/src/lucia_slam_navigation/install/lucia_cartographer/share/lucia_cartographer/package.dsv'
[0.703s] INFO:colcon.colcon_core.shell:Creating package script '/home/peach/ros2_ws/src/lucia_slam_navigation/install/lucia_cartographer/share/lucia_cartographer/package.sh'
[0.703s] INFO:colcon.colcon_core.shell:Creating package script '/home/peach/ros2_ws/src/lucia_slam_navigation/install/lucia_cartographer/share/lucia_cartographer/package.bash'
[0.704s] INFO:colcon.colcon_core.shell:Creating package script '/home/peach/ros2_ws/src/lucia_slam_navigation/install/lucia_cartographer/share/lucia_cartographer/package.zsh'
[0.704s] Level 1:colcon.colcon_core.environment:create_file_with_runtime_dependencies(/home/peach/ros2_ws/src/lucia_slam_navigation/install/lucia_cartographer/share/colcon-core/packages/lucia_cartographer)
[0.705s] DEBUG:colcon.colcon_parallel_executor.executor.parallel:closing loop
[0.706s] DEBUG:colcon.colcon_parallel_executor.executor.parallel:loop closed
[0.706s] DEBUG:colcon.colcon_parallel_executor.executor.parallel:run_until_complete finished with '0'
[0.706s] DEBUG:colcon.colcon_core.event_reactor:joining thread
[0.714s] INFO:colcon.colcon_core.plugin_system:Skipping extension 'colcon_notification.desktop_notification.terminal_notifier': Not used on non-Darwin systems
[0.714s] INFO:colcon.colcon_core.plugin_system:Skipping extension 'colcon_notification.desktop_notification.win32': Not used on non-Windows systems
[0.715s] INFO:colcon.colcon_notification.desktop_notification:Sending desktop notification using 'notify2'
[0.731s] DEBUG:colcon.colcon_core.event_reactor:joined thread
[0.731s] INFO:colcon.colcon_core.shell:Creating prefix script '/home/peach/ros2_ws/src/lucia_slam_navigation/install/local_setup.ps1'
[0.732s] INFO:colcon.colcon_core.shell:Creating prefix util module '/home/peach/ros2_ws/src/lucia_slam_navigation/install/_local_setup_util_ps1.py'
[0.734s] INFO:colcon.colcon_core.shell:Creating prefix chain script '/home/peach/ros2_ws/src/lucia_slam_navigation/install/setup.ps1'
[0.742s] INFO:colcon.colcon_core.shell:Creating prefix script '/home/peach/ros2_ws/src/lucia_slam_navigation/install/local_setup.sh'
[0.743s] INFO:colcon.colcon_core.shell:Creating prefix util module '/home/peach/ros2_ws/src/lucia_slam_navigation/install/_local_setup_util_sh.py'
[0.744s] INFO:colcon.colcon_core.shell:Creating prefix chain script '/home/peach/ros2_ws/src/lucia_slam_navigation/install/setup.sh'
[0.750s] INFO:colcon.colcon_core.shell:Creating prefix script '/home/peach/ros2_ws/src/lucia_slam_navigation/install/local_setup.bash'
[0.751s] INFO:colcon.colcon_core.shell:Creating prefix chain script '/home/peach/ros2_ws/src/lucia_slam_navigation/install/setup.bash'
[0.759s] INFO:colcon.colcon_core.shell:Creating prefix script '/home/peach/ros2_ws/src/lucia_slam_navigation/install/local_setup.zsh'
[0.760s] INFO:colcon.colcon_core.shell:Creating prefix chain script '/home/peach/ros2_ws/src/lucia_slam_navigation/install/setup.zsh'
