[0.310s] DEBUG:colcon:Command line arguments: ['/usr/bin/colcon', 'build']
[0.311s] DEBUG:colcon:Parsed command line arguments: Namespace(log_base=None, log_level=None, verb_name='build', build_base='build', install_base='install', merge_install=False, symlink_install=False, test_result_base=None, continue_on_error=False, executor='parallel', parallel_workers=4, event_handlers=None, ignore_user_meta=False, metas=['./colcon.meta'], base_paths=['.'], packages_ignore=None, packages_ignore_regex=None, paths=None, packages_up_to=None, packages_up_to_regex=None, packages_above=None, packages_above_and_dependencies=None, packages_above_depth=None, packages_select_by_dep=None, packages_skip_by_dep=None, packages_skip_up_to=None, packages_select_build_failed=False, packages_skip_build_finished=False, packages_select_test_failures=False, packages_skip_test_passed=False, packages_select=None, packages_skip=None, packages_select_regex=None, packages_skip_regex=None, packages_start=None, packages_end=None, allow_overriding=[], cmake_args=None, cmake_target=None, cmake_target_skip_unavailable=False, cmake_clean_cache=False, cmake_clean_first=False, cmake_force_configure=False, ament_cmake_args=None, catkin_cmake_args=None, catkin_skip_building_tests=False, verb_parser=<colcon_defaults.argument_parser.defaults.DefaultArgumentsDecorator object at 0x7574d580a3e0>, verb_extension=<colcon_core.verb.build.BuildVerb object at 0x7574d5809e10>, main=<bound method BuildVerb.main of <colcon_core.verb.build.BuildVerb object at 0x7574d5809e10>>)
[0.611s] Level 1:colcon.colcon_core.package_discovery:discover_packages(colcon_meta) check parameters
[0.612s] Level 1:colcon.colcon_core.package_discovery:discover_packages(recursive) check parameters
[0.612s] Level 1:colcon.colcon_core.package_discovery:discover_packages(ignore) check parameters
[0.612s] Level 1:colcon.colcon_core.package_discovery:discover_packages(path) check parameters
[0.612s] Level 1:colcon.colcon_core.package_discovery:discover_packages(colcon_meta) discover
[0.612s] Level 1:colcon.colcon_core.package_discovery:discover_packages(recursive) discover
[0.612s] INFO:colcon.colcon_core.package_discovery:Crawling recursively for packages in '/home/peach/ros2_ws/src/lucia_slam_navigation/lucia_slam'
[0.612s] Level 1:colcon.colcon_core.package_identification:_identify(.) by extensions ['ignore', 'ignore_ament_install']
[0.612s] Level 1:colcon.colcon_core.package_identification:_identify(.) by extension 'ignore'
[0.612s] Level 1:colcon.colcon_core.package_identification:_identify(.) by extension 'ignore_ament_install'
[0.612s] Level 1:colcon.colcon_core.package_identification:_identify(.) by extensions ['colcon_pkg']
[0.612s] Level 1:colcon.colcon_core.package_identification:_identify(.) by extension 'colcon_pkg'
[0.612s] Level 1:colcon.colcon_core.package_identification:_identify(.) by extensions ['colcon_meta']
[0.612s] Level 1:colcon.colcon_core.package_identification:_identify(.) by extension 'colcon_meta'
[0.612s] Level 1:colcon.colcon_core.package_identification:_identify(.) by extensions ['ros']
[0.612s] Level 1:colcon.colcon_core.package_identification:_identify(.) by extension 'ros'
[0.630s] DEBUG:colcon.colcon_core.package_identification:Package '.' with type 'ros.ament_cmake' and name 'lucia_slam'
[0.630s] Level 1:colcon.colcon_core.package_discovery:discover_packages(recursive) using defaults
[0.630s] Level 1:colcon.colcon_core.package_discovery:discover_packages(ignore) discover
[0.630s] Level 1:colcon.colcon_core.package_discovery:discover_packages(ignore) using defaults
[0.630s] Level 1:colcon.colcon_core.package_discovery:discover_packages(path) discover
[0.630s] Level 1:colcon.colcon_core.package_discovery:discover_packages(path) using defaults
[0.678s] Level 1:colcon.colcon_core.package_discovery:discover_packages(prefix_path) check parameters
[0.678s] Level 1:colcon.colcon_core.package_discovery:discover_packages(prefix_path) discover
[0.699s] DEBUG:colcon.colcon_installed_package_information.package_discovery:Found 27 installed packages in /home/peach/ros2_ws/install
[0.700s] DEBUG:colcon.colcon_installed_package_information.package_discovery:Found 5 installed packages in /home/peach/install
[0.701s] DEBUG:colcon.colcon_installed_package_information.package_discovery:Found 1 installed packages in /home/peach/ros2_ws/src/urdf_tutorial_r2d2/install
[0.702s] DEBUG:colcon.colcon_installed_package_information.package_discovery:Found 17 installed packages in /home/peach/ros2_ws/src/install
[0.708s] DEBUG:colcon.colcon_installed_package_information.package_discovery:Found 394 installed packages in /opt/ros/humble
[0.711s] Level 1:colcon.colcon_core.package_discovery:discover_packages(prefix_path) using defaults
[0.944s] Level 5:colcon.colcon_core.verb:set package 'lucia_slam' build argument 'cmake_args' from command line to 'None'
[0.944s] Level 5:colcon.colcon_core.verb:set package 'lucia_slam' build argument 'cmake_target' from command line to 'None'
[0.944s] Level 5:colcon.colcon_core.verb:set package 'lucia_slam' build argument 'cmake_target_skip_unavailable' from command line to 'False'
[0.944s] Level 5:colcon.colcon_core.verb:set package 'lucia_slam' build argument 'cmake_clean_cache' from command line to 'False'
[0.944s] Level 5:colcon.colcon_core.verb:set package 'lucia_slam' build argument 'cmake_clean_first' from command line to 'False'
[0.944s] Level 5:colcon.colcon_core.verb:set package 'lucia_slam' build argument 'cmake_force_configure' from command line to 'False'
[0.944s] Level 5:colcon.colcon_core.verb:set package 'lucia_slam' build argument 'ament_cmake_args' from command line to 'None'
[0.944s] Level 5:colcon.colcon_core.verb:set package 'lucia_slam' build argument 'catkin_cmake_args' from command line to 'None'
[0.944s] Level 5:colcon.colcon_core.verb:set package 'lucia_slam' build argument 'catkin_skip_building_tests' from command line to 'False'
[0.944s] DEBUG:colcon.colcon_core.verb:Building package 'lucia_slam' with the following arguments: {'ament_cmake_args': None, 'build_base': '/home/peach/ros2_ws/src/lucia_slam_navigation/lucia_slam/build/lucia_slam', 'catkin_cmake_args': None, 'catkin_skip_building_tests': False, 'cmake_args': None, 'cmake_clean_cache': False, 'cmake_clean_first': False, 'cmake_force_configure': False, 'cmake_target': None, 'cmake_target_skip_unavailable': False, 'install_base': '/home/peach/ros2_ws/src/lucia_slam_navigation/lucia_slam/install/lucia_slam', 'merge_install': False, 'path': '/home/peach/ros2_ws/src/lucia_slam_navigation/lucia_slam', 'symlink_install': False, 'test_result_base': None}
[0.944s] INFO:colcon.colcon_core.executor:Executing jobs using 'parallel' executor
[0.945s] DEBUG:colcon.colcon_parallel_executor.executor.parallel:run_until_complete
[0.946s] INFO:colcon.colcon_ros.task.ament_cmake.build:Building ROS package in '/home/peach/ros2_ws/src/lucia_slam_navigation/lucia_slam' with build type 'ament_cmake'
[0.946s] INFO:colcon.colcon_cmake.task.cmake.build:Building CMake package in '/home/peach/ros2_ws/src/lucia_slam_navigation/lucia_slam'
[0.954s] INFO:colcon.colcon_core.plugin_system:Skipping extension 'colcon_core.shell.bat': Not used on non-Windows systems
[0.955s] INFO:colcon.colcon_core.shell:Skip shell extension 'powershell' for command environment: Not usable outside of PowerShell
[0.955s] DEBUG:colcon.colcon_core.shell:Skip shell extension 'dsv' for command environment
[0.977s] DEBUG:colcon.colcon_core.event_handler.log_command:Invoking command in '/home/peach/ros2_ws/src/lucia_slam_navigation/lucia_slam/build/lucia_slam': CMAKE_PREFIX_PATH=${CMAKE_PREFIX_PATH}:/home/peach/ros2_ws/install/urdf_tutorial_r2d2:/home/peach/ros2_ws/install/urdf_robot:/home/peach/ros2_ws/install/ros2_workshop:/home/peach/ros2_ws/install/lucia_slam_navigation:/home/peach/ros2_ws/src/urdf_tutorial_r2d2/install/urdf_tutorial_r2d2:/home/peach/ros2_ws/src/install/urdf_tutorial_r2d2:/home/peach/ros2_ws/src/install/urdf_robot:/home/peach/ros2_ws/src/install/ros2_workshop:/opt/ros/humble /usr/bin/cmake /home/peach/ros2_ws/src/lucia_slam_navigation/lucia_slam -DCMAKE_INSTALL_PREFIX=/home/peach/ros2_ws/src/lucia_slam_navigation/lucia_slam/install/lucia_slam
[2.655s] DEBUG:colcon.colcon_core.event_handler.log_command:Invoked command in '/home/peach/ros2_ws/src/lucia_slam_navigation/lucia_slam/build/lucia_slam' returned '0': CMAKE_PREFIX_PATH=${CMAKE_PREFIX_PATH}:/home/peach/ros2_ws/install/urdf_tutorial_r2d2:/home/peach/ros2_ws/install/urdf_robot:/home/peach/ros2_ws/install/ros2_workshop:/home/peach/ros2_ws/install/lucia_slam_navigation:/home/peach/ros2_ws/src/urdf_tutorial_r2d2/install/urdf_tutorial_r2d2:/home/peach/ros2_ws/src/install/urdf_tutorial_r2d2:/home/peach/ros2_ws/src/install/urdf_robot:/home/peach/ros2_ws/src/install/ros2_workshop:/opt/ros/humble /usr/bin/cmake /home/peach/ros2_ws/src/lucia_slam_navigation/lucia_slam -DCMAKE_INSTALL_PREFIX=/home/peach/ros2_ws/src/lucia_slam_navigation/lucia_slam/install/lucia_slam
[2.658s] DEBUG:colcon.colcon_core.event_handler.log_command:Invoking command in '/home/peach/ros2_ws/src/lucia_slam_navigation/lucia_slam/build/lucia_slam': CMAKE_PREFIX_PATH=${CMAKE_PREFIX_PATH}:/home/peach/ros2_ws/install/urdf_tutorial_r2d2:/home/peach/ros2_ws/install/urdf_robot:/home/peach/ros2_ws/install/ros2_workshop:/home/peach/ros2_ws/install/lucia_slam_navigation:/home/peach/ros2_ws/src/urdf_tutorial_r2d2/install/urdf_tutorial_r2d2:/home/peach/ros2_ws/src/install/urdf_tutorial_r2d2:/home/peach/ros2_ws/src/install/urdf_robot:/home/peach/ros2_ws/src/install/ros2_workshop:/opt/ros/humble /usr/bin/cmake --build /home/peach/ros2_ws/src/lucia_slam_navigation/lucia_slam/build/lucia_slam -- -j4 -l4
[2.721s] DEBUG:colcon.colcon_core.event_handler.log_command:Invoked command in '/home/peach/ros2_ws/src/lucia_slam_navigation/lucia_slam/build/lucia_slam' returned '0': CMAKE_PREFIX_PATH=${CMAKE_PREFIX_PATH}:/home/peach/ros2_ws/install/urdf_tutorial_r2d2:/home/peach/ros2_ws/install/urdf_robot:/home/peach/ros2_ws/install/ros2_workshop:/home/peach/ros2_ws/install/lucia_slam_navigation:/home/peach/ros2_ws/src/urdf_tutorial_r2d2/install/urdf_tutorial_r2d2:/home/peach/ros2_ws/src/install/urdf_tutorial_r2d2:/home/peach/ros2_ws/src/install/urdf_robot:/home/peach/ros2_ws/src/install/ros2_workshop:/opt/ros/humble /usr/bin/cmake --build /home/peach/ros2_ws/src/lucia_slam_navigation/lucia_slam/build/lucia_slam -- -j4 -l4
[2.789s] DEBUG:colcon.colcon_core.event_handler.log_command:Invoking command in '/home/peach/ros2_ws/src/lucia_slam_navigation/lucia_slam/build/lucia_slam': CMAKE_PREFIX_PATH=${CMAKE_PREFIX_PATH}:/home/peach/ros2_ws/install/urdf_tutorial_r2d2:/home/peach/ros2_ws/install/urdf_robot:/home/peach/ros2_ws/install/ros2_workshop:/home/peach/ros2_ws/install/lucia_slam_navigation:/home/peach/ros2_ws/src/urdf_tutorial_r2d2/install/urdf_tutorial_r2d2:/home/peach/ros2_ws/src/install/urdf_tutorial_r2d2:/home/peach/ros2_ws/src/install/urdf_robot:/home/peach/ros2_ws/src/install/ros2_workshop:/opt/ros/humble /usr/bin/cmake --install /home/peach/ros2_ws/src/lucia_slam_navigation/lucia_slam/build/lucia_slam
[2.812s] Level 1:colcon.colcon_core.environment:create_environment_scripts_only(lucia_slam)
[2.813s] DEBUG:colcon.colcon_core.event_handler.log_command:Invoked command in '/home/peach/ros2_ws/src/lucia_slam_navigation/lucia_slam/build/lucia_slam' returned '0': CMAKE_PREFIX_PATH=${CMAKE_PREFIX_PATH}:/home/peach/ros2_ws/install/urdf_tutorial_r2d2:/home/peach/ros2_ws/install/urdf_robot:/home/peach/ros2_ws/install/ros2_workshop:/home/peach/ros2_ws/install/lucia_slam_navigation:/home/peach/ros2_ws/src/urdf_tutorial_r2d2/install/urdf_tutorial_r2d2:/home/peach/ros2_ws/src/install/urdf_tutorial_r2d2:/home/peach/ros2_ws/src/install/urdf_robot:/home/peach/ros2_ws/src/install/ros2_workshop:/opt/ros/humble /usr/bin/cmake --install /home/peach/ros2_ws/src/lucia_slam_navigation/lucia_slam/build/lucia_slam
[2.824s] Level 1:colcon.colcon_core.environment:checking '/home/peach/ros2_ws/src/lucia_slam_navigation/lucia_slam/install/lucia_slam' for CMake module files
[2.824s] Level 1:colcon.colcon_core.environment:checking '/home/peach/ros2_ws/src/lucia_slam_navigation/lucia_slam/install/lucia_slam' for CMake config files
[2.824s] Level 1:colcon.colcon_core.shell:create_environment_hook('lucia_slam', 'cmake_prefix_path')
[2.825s] INFO:colcon.colcon_core.shell:Creating environment hook '/home/peach/ros2_ws/src/lucia_slam_navigation/lucia_slam/install/lucia_slam/share/lucia_slam/hook/cmake_prefix_path.ps1'
[2.826s] INFO:colcon.colcon_core.shell:Creating environment descriptor '/home/peach/ros2_ws/src/lucia_slam_navigation/lucia_slam/install/lucia_slam/share/lucia_slam/hook/cmake_prefix_path.dsv'
[2.826s] INFO:colcon.colcon_core.shell:Creating environment hook '/home/peach/ros2_ws/src/lucia_slam_navigation/lucia_slam/install/lucia_slam/share/lucia_slam/hook/cmake_prefix_path.sh'
[2.827s] Level 1:colcon.colcon_core.environment:checking '/home/peach/ros2_ws/src/lucia_slam_navigation/lucia_slam/install/lucia_slam/bin'
[2.827s] Level 1:colcon.colcon_core.environment:checking '/home/peach/ros2_ws/src/lucia_slam_navigation/lucia_slam/install/lucia_slam/lib/pkgconfig/lucia_slam.pc'
[2.828s] Level 1:colcon.colcon_core.environment:checking '/home/peach/ros2_ws/src/lucia_slam_navigation/lucia_slam/install/lucia_slam/lib/python3.10/site-packages'
[2.828s] Level 1:colcon.colcon_core.environment:checking '/home/peach/ros2_ws/src/lucia_slam_navigation/lucia_slam/install/lucia_slam/bin'
[2.828s] INFO:colcon.colcon_core.shell:Creating package script '/home/peach/ros2_ws/src/lucia_slam_navigation/lucia_slam/install/lucia_slam/share/lucia_slam/package.ps1'
[2.829s] INFO:colcon.colcon_core.shell:Creating package descriptor '/home/peach/ros2_ws/src/lucia_slam_navigation/lucia_slam/install/lucia_slam/share/lucia_slam/package.dsv'
[2.830s] INFO:colcon.colcon_core.shell:Creating package script '/home/peach/ros2_ws/src/lucia_slam_navigation/lucia_slam/install/lucia_slam/share/lucia_slam/package.sh'
[2.831s] INFO:colcon.colcon_core.shell:Creating package script '/home/peach/ros2_ws/src/lucia_slam_navigation/lucia_slam/install/lucia_slam/share/lucia_slam/package.bash'
[2.832s] INFO:colcon.colcon_core.shell:Creating package script '/home/peach/ros2_ws/src/lucia_slam_navigation/lucia_slam/install/lucia_slam/share/lucia_slam/package.zsh'
[2.833s] Level 1:colcon.colcon_core.environment:create_file_with_runtime_dependencies(/home/peach/ros2_ws/src/lucia_slam_navigation/lucia_slam/install/lucia_slam/share/colcon-core/packages/lucia_slam)
[2.885s] Level 1:colcon.colcon_core.environment:create_environment_scripts_only(lucia_slam)
[2.885s] Level 1:colcon.colcon_core.environment:checking '/home/peach/ros2_ws/src/lucia_slam_navigation/lucia_slam/install/lucia_slam' for CMake module files
[2.885s] Level 1:colcon.colcon_core.environment:checking '/home/peach/ros2_ws/src/lucia_slam_navigation/lucia_slam/install/lucia_slam' for CMake config files
[2.886s] Level 1:colcon.colcon_core.shell:create_environment_hook('lucia_slam', 'cmake_prefix_path')
[2.886s] INFO:colcon.colcon_core.shell:Creating environment hook '/home/peach/ros2_ws/src/lucia_slam_navigation/lucia_slam/install/lucia_slam/share/lucia_slam/hook/cmake_prefix_path.ps1'
[2.886s] INFO:colcon.colcon_core.shell:Creating environment descriptor '/home/peach/ros2_ws/src/lucia_slam_navigation/lucia_slam/install/lucia_slam/share/lucia_slam/hook/cmake_prefix_path.dsv'
[2.887s] INFO:colcon.colcon_core.shell:Creating environment hook '/home/peach/ros2_ws/src/lucia_slam_navigation/lucia_slam/install/lucia_slam/share/lucia_slam/hook/cmake_prefix_path.sh'
[2.888s] Level 1:colcon.colcon_core.environment:checking '/home/peach/ros2_ws/src/lucia_slam_navigation/lucia_slam/install/lucia_slam/bin'
[2.888s] Level 1:colcon.colcon_core.environment:checking '/home/peach/ros2_ws/src/lucia_slam_navigation/lucia_slam/install/lucia_slam/lib/pkgconfig/lucia_slam.pc'
[2.888s] Level 1:colcon.colcon_core.environment:checking '/home/peach/ros2_ws/src/lucia_slam_navigation/lucia_slam/install/lucia_slam/lib/python3.10/site-packages'
[2.888s] Level 1:colcon.colcon_core.environment:checking '/home/peach/ros2_ws/src/lucia_slam_navigation/lucia_slam/install/lucia_slam/bin'
[2.888s] INFO:colcon.colcon_core.shell:Creating package script '/home/peach/ros2_ws/src/lucia_slam_navigation/lucia_slam/install/lucia_slam/share/lucia_slam/package.ps1'
[2.889s] INFO:colcon.colcon_core.shell:Creating package descriptor '/home/peach/ros2_ws/src/lucia_slam_navigation/lucia_slam/install/lucia_slam/share/lucia_slam/package.dsv'
[2.889s] INFO:colcon.colcon_core.shell:Creating package script '/home/peach/ros2_ws/src/lucia_slam_navigation/lucia_slam/install/lucia_slam/share/lucia_slam/package.sh'
[2.890s] INFO:colcon.colcon_core.shell:Creating package script '/home/peach/ros2_ws/src/lucia_slam_navigation/lucia_slam/install/lucia_slam/share/lucia_slam/package.bash'
[2.890s] INFO:colcon.colcon_core.shell:Creating package script '/home/peach/ros2_ws/src/lucia_slam_navigation/lucia_slam/install/lucia_slam/share/lucia_slam/package.zsh'
[2.891s] Level 1:colcon.colcon_core.environment:create_file_with_runtime_dependencies(/home/peach/ros2_ws/src/lucia_slam_navigation/lucia_slam/install/lucia_slam/share/colcon-core/packages/lucia_slam)
[2.892s] DEBUG:colcon.colcon_parallel_executor.executor.parallel:closing loop
[2.892s] DEBUG:colcon.colcon_parallel_executor.executor.parallel:loop closed
[2.893s] DEBUG:colcon.colcon_parallel_executor.executor.parallel:run_until_complete finished with '0'
[2.893s] DEBUG:colcon.colcon_core.event_reactor:joining thread
[2.909s] INFO:colcon.colcon_core.plugin_system:Skipping extension 'colcon_notification.desktop_notification.terminal_notifier': Not used on non-Darwin systems
[2.909s] INFO:colcon.colcon_core.plugin_system:Skipping extension 'colcon_notification.desktop_notification.win32': Not used on non-Windows systems
[2.909s] INFO:colcon.colcon_notification.desktop_notification:Sending desktop notification using 'notify2'
[3.130s] DEBUG:colcon.colcon_core.event_reactor:joined thread
[3.130s] INFO:colcon.colcon_core.shell:Creating prefix script '/home/peach/ros2_ws/src/lucia_slam_navigation/lucia_slam/install/local_setup.ps1'
[3.133s] INFO:colcon.colcon_core.shell:Creating prefix util module '/home/peach/ros2_ws/src/lucia_slam_navigation/lucia_slam/install/_local_setup_util_ps1.py'
[3.134s] INFO:colcon.colcon_core.shell:Creating prefix chain script '/home/peach/ros2_ws/src/lucia_slam_navigation/lucia_slam/install/setup.ps1'
[3.142s] INFO:colcon.colcon_core.shell:Creating prefix script '/home/peach/ros2_ws/src/lucia_slam_navigation/lucia_slam/install/local_setup.sh'
[3.143s] INFO:colcon.colcon_core.shell:Creating prefix util module '/home/peach/ros2_ws/src/lucia_slam_navigation/lucia_slam/install/_local_setup_util_sh.py'
[3.144s] INFO:colcon.colcon_core.shell:Creating prefix chain script '/home/peach/ros2_ws/src/lucia_slam_navigation/lucia_slam/install/setup.sh'
[3.150s] INFO:colcon.colcon_core.shell:Creating prefix script '/home/peach/ros2_ws/src/lucia_slam_navigation/lucia_slam/install/local_setup.bash'
[3.151s] INFO:colcon.colcon_core.shell:Creating prefix chain script '/home/peach/ros2_ws/src/lucia_slam_navigation/lucia_slam/install/setup.bash'
[3.158s] INFO:colcon.colcon_core.shell:Creating prefix script '/home/peach/ros2_ws/src/lucia_slam_navigation/lucia_slam/install/local_setup.zsh'
[3.159s] INFO:colcon.colcon_core.shell:Creating prefix chain script '/home/peach/ros2_ws/src/lucia_slam_navigation/lucia_slam/install/setup.zsh'
