[0.073s] DEBUG:colcon:Command line arguments: ['/usr/bin/colcon', 'build', '--packages-select', 'lucia_slam_navigation']
[0.073s] DEBUG:colcon:Parsed command line arguments: Namespace(log_base=None, log_level=None, verb_name='build', build_base='build', install_base='install', merge_install=False, symlink_install=False, test_result_base=None, continue_on_error=False, executor='parallel', parallel_workers=8, event_handlers=None, ignore_user_meta=False, metas=['./colcon.meta'], base_paths=['.'], packages_ignore=None, packages_ignore_regex=None, paths=None, packages_up_to=None, packages_up_to_regex=None, packages_above=None, packages_above_and_dependencies=None, packages_above_depth=None, packages_select_by_dep=None, packages_skip_by_dep=None, packages_skip_up_to=None, packages_select_build_failed=False, packages_skip_build_finished=False, packages_select_test_failures=False, packages_skip_test_passed=False, packages_select=['lucia_slam_navigation'], packages_skip=None, packages_select_regex=None, packages_skip_regex=None, packages_start=None, packages_end=None, allow_overriding=[], cmake_args=None, cmake_target=None, cmake_target_skip_unavailable=False, cmake_clean_cache=False, cmake_clean_first=False, cmake_force_configure=False, ament_cmake_args=None, catkin_cmake_args=None, catkin_skip_building_tests=False, verb_parser=<colcon_defaults.argument_parser.defaults.DefaultArgumentsDecorator object at 0x7b46fd2eed40>, verb_extension=<colcon_core.verb.build.BuildVerb object at 0x7b46fd2ee770>, main=<bound method BuildVerb.main of <colcon_core.verb.build.BuildVerb object at 0x7b46fd2ee770>>)
[0.178s] Level 1:colcon.colcon_core.package_discovery:discover_packages(colcon_meta) check parameters
[0.178s] Level 1:colcon.colcon_core.package_discovery:discover_packages(recursive) check parameters
[0.178s] Level 1:colcon.colcon_core.package_discovery:discover_packages(ignore) check parameters
[0.178s] Level 1:colcon.colcon_core.package_discovery:discover_packages(path) check parameters
[0.178s] Level 1:colcon.colcon_core.package_discovery:discover_packages(colcon_meta) discover
[0.178s] Level 1:colcon.colcon_core.package_discovery:discover_packages(recursive) discover
[0.178s] INFO:colcon.colcon_core.package_discovery:Crawling recursively for packages in '/home/peach/ros2_ws/src/lucia_slam_navigation'
[0.178s] Level 1:colcon.colcon_core.package_identification:_identify(.) by extensions ['ignore', 'ignore_ament_install']
[0.178s] Level 1:colcon.colcon_core.package_identification:_identify(.) by extension 'ignore'
[0.178s] Level 1:colcon.colcon_core.package_identification:_identify(.) by extension 'ignore_ament_install'
[0.178s] Level 1:colcon.colcon_core.package_identification:_identify(.) by extensions ['colcon_pkg']
[0.178s] Level 1:colcon.colcon_core.package_identification:_identify(.) by extension 'colcon_pkg'
[0.178s] Level 1:colcon.colcon_core.package_identification:_identify(.) by extensions ['colcon_meta']
[0.178s] Level 1:colcon.colcon_core.package_identification:_identify(.) by extension 'colcon_meta'
[0.178s] Level 1:colcon.colcon_core.package_identification:_identify(.) by extensions ['ros']
[0.178s] Level 1:colcon.colcon_core.package_identification:_identify(.) by extension 'ros'
[0.186s] Level 1:colcon.colcon_core.package_identification:_identify(.) by extensions ['cmake', 'python']
[0.186s] Level 1:colcon.colcon_core.package_identification:_identify(.) by extension 'cmake'
[0.186s] Level 1:colcon.colcon_core.package_identification:_identify(.) by extension 'python'
[0.186s] Level 1:colcon.colcon_core.package_identification:_identify(.) by extensions ['python_setup_py']
[0.186s] Level 1:colcon.colcon_core.package_identification:_identify(.) by extension 'python_setup_py'
[0.186s] Level 1:colcon.colcon_core.package_identification:_identify(build) by extensions ['ignore', 'ignore_ament_install']
[0.186s] Level 1:colcon.colcon_core.package_identification:_identify(build) by extension 'ignore'
[0.186s] Level 1:colcon.colcon_core.package_identification:_identify(build) ignored
[0.187s] Level 1:colcon.colcon_core.package_identification:_identify(include) by extensions ['ignore', 'ignore_ament_install']
[0.187s] Level 1:colcon.colcon_core.package_identification:_identify(include) by extension 'ignore'
[0.187s] Level 1:colcon.colcon_core.package_identification:_identify(include) by extension 'ignore_ament_install'
[0.187s] Level 1:colcon.colcon_core.package_identification:_identify(include) by extensions ['colcon_pkg']
[0.187s] Level 1:colcon.colcon_core.package_identification:_identify(include) by extension 'colcon_pkg'
[0.187s] Level 1:colcon.colcon_core.package_identification:_identify(include) by extensions ['colcon_meta']
[0.187s] Level 1:colcon.colcon_core.package_identification:_identify(include) by extension 'colcon_meta'
[0.187s] Level 1:colcon.colcon_core.package_identification:_identify(include) by extensions ['ros']
[0.187s] Level 1:colcon.colcon_core.package_identification:_identify(include) by extension 'ros'
[0.187s] Level 1:colcon.colcon_core.package_identification:_identify(include) by extensions ['cmake', 'python']
[0.187s] Level 1:colcon.colcon_core.package_identification:_identify(include) by extension 'cmake'
[0.187s] Level 1:colcon.colcon_core.package_identification:_identify(include) by extension 'python'
[0.187s] Level 1:colcon.colcon_core.package_identification:_identify(include) by extensions ['python_setup_py']
[0.187s] Level 1:colcon.colcon_core.package_identification:_identify(include) by extension 'python_setup_py'
[0.187s] Level 1:colcon.colcon_core.package_identification:_identify(include/lucia_slam_navigation) by extensions ['ignore', 'ignore_ament_install']
[0.187s] Level 1:colcon.colcon_core.package_identification:_identify(include/lucia_slam_navigation) by extension 'ignore'
[0.187s] Level 1:colcon.colcon_core.package_identification:_identify(include/lucia_slam_navigation) by extension 'ignore_ament_install'
[0.187s] Level 1:colcon.colcon_core.package_identification:_identify(include/lucia_slam_navigation) by extensions ['colcon_pkg']
[0.187s] Level 1:colcon.colcon_core.package_identification:_identify(include/lucia_slam_navigation) by extension 'colcon_pkg'
[0.187s] Level 1:colcon.colcon_core.package_identification:_identify(include/lucia_slam_navigation) by extensions ['colcon_meta']
[0.187s] Level 1:colcon.colcon_core.package_identification:_identify(include/lucia_slam_navigation) by extension 'colcon_meta'
[0.187s] Level 1:colcon.colcon_core.package_identification:_identify(include/lucia_slam_navigation) by extensions ['ros']
[0.187s] Level 1:colcon.colcon_core.package_identification:_identify(include/lucia_slam_navigation) by extension 'ros'
[0.187s] Level 1:colcon.colcon_core.package_identification:_identify(include/lucia_slam_navigation) by extensions ['cmake', 'python']
[0.187s] Level 1:colcon.colcon_core.package_identification:_identify(include/lucia_slam_navigation) by extension 'cmake'
[0.187s] Level 1:colcon.colcon_core.package_identification:_identify(include/lucia_slam_navigation) by extension 'python'
[0.187s] Level 1:colcon.colcon_core.package_identification:_identify(include/lucia_slam_navigation) by extensions ['python_setup_py']
[0.187s] Level 1:colcon.colcon_core.package_identification:_identify(include/lucia_slam_navigation) by extension 'python_setup_py'
[0.187s] Level 1:colcon.colcon_core.package_identification:_identify(install) by extensions ['ignore', 'ignore_ament_install']
[0.187s] Level 1:colcon.colcon_core.package_identification:_identify(install) by extension 'ignore'
[0.188s] Level 1:colcon.colcon_core.package_identification:_identify(install) ignored
[0.188s] Level 1:colcon.colcon_core.package_identification:_identify(log) by extensions ['ignore', 'ignore_ament_install']
[0.188s] Level 1:colcon.colcon_core.package_identification:_identify(log) by extension 'ignore'
[0.188s] Level 1:colcon.colcon_core.package_identification:_identify(log) ignored
[0.188s] Level 1:colcon.colcon_core.package_identification:_identify(lucia) by extensions ['ignore', 'ignore_ament_install']
[0.188s] Level 1:colcon.colcon_core.package_identification:_identify(lucia) by extension 'ignore'
[0.188s] Level 1:colcon.colcon_core.package_identification:_identify(lucia) by extension 'ignore_ament_install'
[0.188s] Level 1:colcon.colcon_core.package_identification:_identify(lucia) by extensions ['colcon_pkg']
[0.188s] Level 1:colcon.colcon_core.package_identification:_identify(lucia) by extension 'colcon_pkg'
[0.188s] Level 1:colcon.colcon_core.package_identification:_identify(lucia) by extensions ['colcon_meta']
[0.188s] Level 1:colcon.colcon_core.package_identification:_identify(lucia) by extension 'colcon_meta'
[0.188s] Level 1:colcon.colcon_core.package_identification:_identify(lucia) by extensions ['ros']
[0.188s] Level 1:colcon.colcon_core.package_identification:_identify(lucia) by extension 'ros'
[0.190s] DEBUG:colcon.colcon_core.package_identification:Package 'lucia' with type 'ros.ament_cmake' and name 'lucia'
[0.190s] Level 1:colcon.colcon_core.package_identification:_identify(lucia_bringup) by extensions ['ignore', 'ignore_ament_install']
[0.190s] Level 1:colcon.colcon_core.package_identification:_identify(lucia_bringup) by extension 'ignore'
[0.190s] Level 1:colcon.colcon_core.package_identification:_identify(lucia_bringup) by extension 'ignore_ament_install'
[0.190s] Level 1:colcon.colcon_core.package_identification:_identify(lucia_bringup) by extensions ['colcon_pkg']
[0.190s] Level 1:colcon.colcon_core.package_identification:_identify(lucia_bringup) by extension 'colcon_pkg'
[0.190s] Level 1:colcon.colcon_core.package_identification:_identify(lucia_bringup) by extensions ['colcon_meta']
[0.190s] Level 1:colcon.colcon_core.package_identification:_identify(lucia_bringup) by extension 'colcon_meta'
[0.190s] Level 1:colcon.colcon_core.package_identification:_identify(lucia_bringup) by extensions ['ros']
[0.190s] Level 1:colcon.colcon_core.package_identification:_identify(lucia_bringup) by extension 'ros'
[0.191s] DEBUG:colcon.colcon_core.package_identification:Package 'lucia_bringup' with type 'ros.ament_cmake' and name 'lucia_bringup'
[0.191s] Level 1:colcon.colcon_core.package_identification:_identify(lucia_cartographer) by extensions ['ignore', 'ignore_ament_install']
[0.191s] Level 1:colcon.colcon_core.package_identification:_identify(lucia_cartographer) by extension 'ignore'
[0.191s] Level 1:colcon.colcon_core.package_identification:_identify(lucia_cartographer) by extension 'ignore_ament_install'
[0.191s] Level 1:colcon.colcon_core.package_identification:_identify(lucia_cartographer) by extensions ['colcon_pkg']
[0.191s] Level 1:colcon.colcon_core.package_identification:_identify(lucia_cartographer) by extension 'colcon_pkg'
[0.191s] Level 1:colcon.colcon_core.package_identification:_identify(lucia_cartographer) by extensions ['colcon_meta']
[0.191s] Level 1:colcon.colcon_core.package_identification:_identify(lucia_cartographer) by extension 'colcon_meta'
[0.191s] Level 1:colcon.colcon_core.package_identification:_identify(lucia_cartographer) by extensions ['ros']
[0.191s] Level 1:colcon.colcon_core.package_identification:_identify(lucia_cartographer) by extension 'ros'
[0.192s] DEBUG:colcon.colcon_core.package_identification:Package 'lucia_cartographer' with type 'ros.ament_cmake' and name 'lucia_cartographer'
[0.192s] Level 1:colcon.colcon_core.package_identification:_identify(lucia_description) by extensions ['ignore', 'ignore_ament_install']
[0.192s] Level 1:colcon.colcon_core.package_identification:_identify(lucia_description) by extension 'ignore'
[0.192s] Level 1:colcon.colcon_core.package_identification:_identify(lucia_description) by extension 'ignore_ament_install'
[0.192s] Level 1:colcon.colcon_core.package_identification:_identify(lucia_description) by extensions ['colcon_pkg']
[0.192s] Level 1:colcon.colcon_core.package_identification:_identify(lucia_description) by extension 'colcon_pkg'
[0.192s] Level 1:colcon.colcon_core.package_identification:_identify(lucia_description) by extensions ['colcon_meta']
[0.192s] Level 1:colcon.colcon_core.package_identification:_identify(lucia_description) by extension 'colcon_meta'
[0.192s] Level 1:colcon.colcon_core.package_identification:_identify(lucia_description) by extensions ['ros']
[0.192s] Level 1:colcon.colcon_core.package_identification:_identify(lucia_description) by extension 'ros'
[0.192s] DEBUG:colcon.colcon_core.package_identification:Package 'lucia_description' with type 'ros.ament_cmake' and name 'lucia_description'
[0.192s] Level 1:colcon.colcon_core.package_identification:_identify(lucia_navigation2) by extensions ['ignore', 'ignore_ament_install']
[0.193s] Level 1:colcon.colcon_core.package_identification:_identify(lucia_navigation2) by extension 'ignore'
[0.193s] Level 1:colcon.colcon_core.package_identification:_identify(lucia_navigation2) by extension 'ignore_ament_install'
[0.193s] Level 1:colcon.colcon_core.package_identification:_identify(lucia_navigation2) by extensions ['colcon_pkg']
[0.193s] Level 1:colcon.colcon_core.package_identification:_identify(lucia_navigation2) by extension 'colcon_pkg'
[0.193s] Level 1:colcon.colcon_core.package_identification:_identify(lucia_navigation2) by extensions ['colcon_meta']
[0.193s] Level 1:colcon.colcon_core.package_identification:_identify(lucia_navigation2) by extension 'colcon_meta'
[0.193s] Level 1:colcon.colcon_core.package_identification:_identify(lucia_navigation2) by extensions ['ros']
[0.193s] Level 1:colcon.colcon_core.package_identification:_identify(lucia_navigation2) by extension 'ros'
[0.193s] DEBUG:colcon.colcon_core.package_identification:Package 'lucia_navigation2' with type 'ros.ament_cmake' and name 'lucia_description'
[0.193s] Level 1:colcon.colcon_core.package_identification:_identify(lucia_node) by extensions ['ignore', 'ignore_ament_install']
[0.193s] Level 1:colcon.colcon_core.package_identification:_identify(lucia_node) by extension 'ignore'
[0.193s] Level 1:colcon.colcon_core.package_identification:_identify(lucia_node) by extension 'ignore_ament_install'
[0.193s] Level 1:colcon.colcon_core.package_identification:_identify(lucia_node) by extensions ['colcon_pkg']
[0.193s] Level 1:colcon.colcon_core.package_identification:_identify(lucia_node) by extension 'colcon_pkg'
[0.193s] Level 1:colcon.colcon_core.package_identification:_identify(lucia_node) by extensions ['colcon_meta']
[0.193s] Level 1:colcon.colcon_core.package_identification:_identify(lucia_node) by extension 'colcon_meta'
[0.193s] Level 1:colcon.colcon_core.package_identification:_identify(lucia_node) by extensions ['ros']
[0.193s] Level 1:colcon.colcon_core.package_identification:_identify(lucia_node) by extension 'ros'
[0.194s] DEBUG:colcon.colcon_core.package_identification:Package 'lucia_node' with type 'ros.ament_cmake' and name 'lucia_description'
[0.194s] Level 1:colcon.colcon_core.package_identification:_identify(lucia_slam) by extensions ['ignore', 'ignore_ament_install']
[0.194s] Level 1:colcon.colcon_core.package_identification:_identify(lucia_slam) by extension 'ignore'
[0.194s] Level 1:colcon.colcon_core.package_identification:_identify(lucia_slam) by extension 'ignore_ament_install'
[0.194s] Level 1:colcon.colcon_core.package_identification:_identify(lucia_slam) by extensions ['colcon_pkg']
[0.194s] Level 1:colcon.colcon_core.package_identification:_identify(lucia_slam) by extension 'colcon_pkg'
[0.194s] Level 1:colcon.colcon_core.package_identification:_identify(lucia_slam) by extensions ['colcon_meta']
[0.194s] Level 1:colcon.colcon_core.package_identification:_identify(lucia_slam) by extension 'colcon_meta'
[0.194s] Level 1:colcon.colcon_core.package_identification:_identify(lucia_slam) by extensions ['ros']
[0.194s] Level 1:colcon.colcon_core.package_identification:_identify(lucia_slam) by extension 'ros'
[0.195s] DEBUG:colcon.colcon_core.package_identification:Package 'lucia_slam' with type 'ros.ament_cmake' and name 'lucia_slam'
[0.195s] Level 1:colcon.colcon_core.package_identification:_identify(lucia_teleop) by extensions ['ignore', 'ignore_ament_install']
[0.195s] Level 1:colcon.colcon_core.package_identification:_identify(lucia_teleop) by extension 'ignore'
[0.195s] Level 1:colcon.colcon_core.package_identification:_identify(lucia_teleop) by extension 'ignore_ament_install'
[0.195s] Level 1:colcon.colcon_core.package_identification:_identify(lucia_teleop) by extensions ['colcon_pkg']
[0.195s] Level 1:colcon.colcon_core.package_identification:_identify(lucia_teleop) by extension 'colcon_pkg'
[0.195s] Level 1:colcon.colcon_core.package_identification:_identify(lucia_teleop) by extensions ['colcon_meta']
[0.195s] Level 1:colcon.colcon_core.package_identification:_identify(lucia_teleop) by extension 'colcon_meta'
[0.195s] Level 1:colcon.colcon_core.package_identification:_identify(lucia_teleop) by extensions ['ros']
[0.195s] Level 1:colcon.colcon_core.package_identification:_identify(lucia_teleop) by extension 'ros'
[0.195s] Level 1:colcon.colcon_core.package_identification:_identify(lucia_teleop) by extensions ['cmake', 'python']
[0.195s] Level 1:colcon.colcon_core.package_identification:_identify(lucia_teleop) by extension 'cmake'
[0.195s] Level 1:colcon.colcon_core.package_identification:_identify(lucia_teleop) by extension 'python'
[0.195s] Level 1:colcon.colcon_core.package_identification:_identify(lucia_teleop) by extensions ['python_setup_py']
[0.195s] Level 1:colcon.colcon_core.package_identification:_identify(lucia_teleop) by extension 'python_setup_py'
[0.369s] DEBUG:colcon.colcon_core.package_identification:Package 'lucia_teleop' with type 'python' and name 'lucia_teleop'
[0.369s] Level 1:colcon.colcon_core.package_discovery:discover_packages(recursive) using defaults
[0.369s] Level 1:colcon.colcon_core.package_discovery:discover_packages(ignore) discover
[0.369s] Level 1:colcon.colcon_core.package_discovery:discover_packages(ignore) using defaults
[0.369s] Level 1:colcon.colcon_core.package_discovery:discover_packages(path) discover
[0.369s] Level 1:colcon.colcon_core.package_discovery:discover_packages(path) using defaults
[0.369s] WARNING:colcon.colcon_core.package_selection:ignoring unknown package 'lucia_slam_navigation' in --packages-select
[0.399s] INFO:colcon.colcon_core.package_selection:Skipping not selected package 'lucia_cartographer' in 'lucia_cartographer'
[0.399s] INFO:colcon.colcon_core.package_selection:Skipping not selected package 'lucia_description' in 'lucia_description'
[0.399s] INFO:colcon.colcon_core.package_selection:Skipping not selected package 'lucia_description' in 'lucia_navigation2'
[0.399s] INFO:colcon.colcon_core.package_selection:Skipping not selected package 'lucia_description' in 'lucia_node'
[0.399s] INFO:colcon.colcon_core.package_selection:Skipping not selected package 'lucia_slam' in 'lucia_slam'
[0.399s] INFO:colcon.colcon_core.package_selection:Skipping not selected package 'lucia_teleop' in 'lucia_teleop'
[0.399s] INFO:colcon.colcon_core.package_selection:Skipping not selected package 'lucia_bringup' in 'lucia_bringup'
[0.399s] INFO:colcon.colcon_core.package_selection:Skipping not selected package 'lucia' in 'lucia'
[0.400s] Level 1:colcon.colcon_core.package_discovery:discover_packages(prefix_path) check parameters
[0.400s] Level 1:colcon.colcon_core.package_discovery:discover_packages(prefix_path) discover
[0.405s] DEBUG:colcon.colcon_installed_package_information.package_discovery:Found 29 installed packages in /home/peach/ros2_ws/install
[0.406s] DEBUG:colcon.colcon_installed_package_information.package_discovery:Found 5 installed packages in /home/peach/install
[0.406s] DEBUG:colcon.colcon_installed_package_information.package_discovery:Found 1 installed packages in /home/peach/ros2_ws/src/urdf_tutorial_r2d2/install
[0.407s] DEBUG:colcon.colcon_installed_package_information.package_discovery:Found 19 installed packages in /home/peach/ros2_ws/src/install
[0.409s] DEBUG:colcon.colcon_installed_package_information.package_discovery:Found 430 installed packages in /opt/ros/humble
[0.411s] Level 1:colcon.colcon_core.package_discovery:discover_packages(prefix_path) using defaults
[0.501s] INFO:colcon.colcon_core.executor:Executing jobs using 'parallel' executor
[0.502s] DEBUG:colcon.colcon_parallel_executor.executor.parallel:run_until_complete
[0.502s] DEBUG:colcon.colcon_parallel_executor.executor.parallel:closing loop
[0.503s] DEBUG:colcon.colcon_parallel_executor.executor.parallel:loop closed
[0.503s] DEBUG:colcon.colcon_parallel_executor.executor.parallel:run_until_complete finished with '0'
[0.503s] DEBUG:colcon.colcon_core.event_reactor:joining thread
[0.508s] INFO:colcon.colcon_core.plugin_system:Skipping extension 'colcon_notification.desktop_notification.terminal_notifier': Not used on non-Darwin systems
[0.508s] INFO:colcon.colcon_core.plugin_system:Skipping extension 'colcon_notification.desktop_notification.win32': Not used on non-Windows systems
[0.508s] INFO:colcon.colcon_notification.desktop_notification:Sending desktop notification using 'notify2'
[0.535s] DEBUG:colcon.colcon_core.event_reactor:joined thread
[0.544s] INFO:colcon.colcon_core.plugin_system:Skipping extension 'colcon_core.shell.bat': Not used on non-Windows systems
[0.544s] INFO:colcon.colcon_core.shell:Creating prefix script '/home/peach/ros2_ws/src/lucia_slam_navigation/install/local_setup.ps1'
[0.547s] INFO:colcon.colcon_core.shell:Creating prefix util module '/home/peach/ros2_ws/src/lucia_slam_navigation/install/_local_setup_util_ps1.py'
[0.552s] INFO:colcon.colcon_core.shell:Creating prefix chain script '/home/peach/ros2_ws/src/lucia_slam_navigation/install/setup.ps1'
[0.560s] INFO:colcon.colcon_core.shell:Creating prefix script '/home/peach/ros2_ws/src/lucia_slam_navigation/install/local_setup.sh'
[0.561s] INFO:colcon.colcon_core.shell:Creating prefix util module '/home/peach/ros2_ws/src/lucia_slam_navigation/install/_local_setup_util_sh.py'
[0.563s] INFO:colcon.colcon_core.shell:Creating prefix chain script '/home/peach/ros2_ws/src/lucia_slam_navigation/install/setup.sh'
[0.569s] INFO:colcon.colcon_core.shell:Creating prefix script '/home/peach/ros2_ws/src/lucia_slam_navigation/install/local_setup.bash'
[0.570s] INFO:colcon.colcon_core.shell:Creating prefix chain script '/home/peach/ros2_ws/src/lucia_slam_navigation/install/setup.bash'
[0.576s] INFO:colcon.colcon_core.shell:Creating prefix script '/home/peach/ros2_ws/src/lucia_slam_navigation/install/local_setup.zsh'
[0.578s] INFO:colcon.colcon_core.shell:Creating prefix chain script '/home/peach/ros2_ws/src/lucia_slam_navigation/install/setup.zsh'
