[0.030s] Invoking command in '/home/peach/ros2_ws/src/lucia_slam_navigation/lucia_slam/build/lucia_slam': CMAKE_PREFIX_PATH=${CMAKE_PREFIX_PATH}:/home/peach/ros2_ws/install/urdf_tutorial_r2d2:/home/peach/ros2_ws/install/urdf_robot:/home/peach/ros2_ws/install/ros2_workshop:/home/peach/ros2_ws/install/lucia_slam_navigation:/home/peach/ros2_ws/src/urdf_tutorial_r2d2/install/urdf_tutorial_r2d2:/home/peach/ros2_ws/src/install/urdf_tutorial_r2d2:/home/peach/ros2_ws/src/install/urdf_robot:/home/peach/ros2_ws/src/install/ros2_workshop:/opt/ros/humble /usr/bin/cmake /home/peach/ros2_ws/src/lucia_slam_navigation/lucia_slam -DCMAKE_INSTALL_PREFIX=/home/peach/ros2_ws/src/lucia_slam_navigation/lucia_slam/install/lucia_slam
[0.254s] -- The C compiler identification is GNU 11.4.0
[0.400s] -- The CXX compiler identification is GNU 11.4.0
[0.421s] -- Detecting C compiler ABI info
[0.554s] -- Detecting C compiler ABI info - done
[0.560s] -- Check for working C compiler: /usr/bin/cc - skipped
[0.562s] -- Detecting C compile features
[0.564s] -- Detecting C compile features - done
[0.571s] -- Detecting CXX compiler ABI info
[0.724s] -- Detecting CXX compiler ABI info - done
[0.728s] -- Check for working CXX compiler: /usr/bin/c++ - skipped
[0.730s] -- Detecting CXX compile features
[0.730s] -- Detecting CXX compile features - done
[0.768s] -- Found ament_cmake: 1.3.10 (/opt/ros/humble/share/ament_cmake/cmake)
[1.011s] -- Found Python3: /usr/bin/python3 (found version "3.10.12") found components: Interpreter 
[1.356s] -- Found ament_lint_auto: 0.12.11 (/opt/ros/humble/share/ament_lint_auto/cmake)
[1.619s] -- Added test 'copyright' to check source files copyright and LICENSE
[1.636s] -- Added test 'cppcheck' to perform static code analysis on C / C++ code
[1.636s] -- Configured cppcheck include dirs: 
[1.636s] -- Configured cppcheck exclude dirs and/or files: 
[1.650s] -- Added test 'cpplint' to check C / C++ code against the Google style
[1.650s] -- Configured cpplint exclude dirs and/or files: 
[1.655s] -- Added test 'flake8' to check Python code syntax and style conventions
[1.662s] -- Added test 'lint_cmake' to check CMake code style
[1.667s] -- Added test 'pep257' to check Python code against some of the docstring style conventions in PEP 257
[1.683s] -- Added test 'uncrustify' to check C / C++ code style
[1.683s] -- Configured uncrustify additional arguments: 
[1.688s] -- Added test 'xmllint' to check XML markup files
[1.695s] -- Configuring done
[1.700s] -- Generating done
[1.701s] -- Build files have been written to: /home/peach/ros2_ws/src/lucia_slam_navigation/lucia_slam/build/lucia_slam
[1.708s] Invoked command in '/home/peach/ros2_ws/src/lucia_slam_navigation/lucia_slam/build/lucia_slam' returned '0': CMAKE_PREFIX_PATH=${CMAKE_PREFIX_PATH}:/home/peach/ros2_ws/install/urdf_tutorial_r2d2:/home/peach/ros2_ws/install/urdf_robot:/home/peach/ros2_ws/install/ros2_workshop:/home/peach/ros2_ws/install/lucia_slam_navigation:/home/peach/ros2_ws/src/urdf_tutorial_r2d2/install/urdf_tutorial_r2d2:/home/peach/ros2_ws/src/install/urdf_tutorial_r2d2:/home/peach/ros2_ws/src/install/urdf_robot:/home/peach/ros2_ws/src/install/ros2_workshop:/opt/ros/humble /usr/bin/cmake /home/peach/ros2_ws/src/lucia_slam_navigation/lucia_slam -DCMAKE_INSTALL_PREFIX=/home/peach/ros2_ws/src/lucia_slam_navigation/lucia_slam/install/lucia_slam
[1.711s] Invoking command in '/home/peach/ros2_ws/src/lucia_slam_navigation/lucia_slam/build/lucia_slam': CMAKE_PREFIX_PATH=${CMAKE_PREFIX_PATH}:/home/peach/ros2_ws/install/urdf_tutorial_r2d2:/home/peach/ros2_ws/install/urdf_robot:/home/peach/ros2_ws/install/ros2_workshop:/home/peach/ros2_ws/install/lucia_slam_navigation:/home/peach/ros2_ws/src/urdf_tutorial_r2d2/install/urdf_tutorial_r2d2:/home/peach/ros2_ws/src/install/urdf_tutorial_r2d2:/home/peach/ros2_ws/src/install/urdf_robot:/home/peach/ros2_ws/src/install/ros2_workshop:/opt/ros/humble /usr/bin/cmake --build /home/peach/ros2_ws/src/lucia_slam_navigation/lucia_slam/build/lucia_slam -- -j4 -l4
[1.774s] Invoked command in '/home/peach/ros2_ws/src/lucia_slam_navigation/lucia_slam/build/lucia_slam' returned '0': CMAKE_PREFIX_PATH=${CMAKE_PREFIX_PATH}:/home/peach/ros2_ws/install/urdf_tutorial_r2d2:/home/peach/ros2_ws/install/urdf_robot:/home/peach/ros2_ws/install/ros2_workshop:/home/peach/ros2_ws/install/lucia_slam_navigation:/home/peach/ros2_ws/src/urdf_tutorial_r2d2/install/urdf_tutorial_r2d2:/home/peach/ros2_ws/src/install/urdf_tutorial_r2d2:/home/peach/ros2_ws/src/install/urdf_robot:/home/peach/ros2_ws/src/install/ros2_workshop:/opt/ros/humble /usr/bin/cmake --build /home/peach/ros2_ws/src/lucia_slam_navigation/lucia_slam/build/lucia_slam -- -j4 -l4
[1.843s] Invoking command in '/home/peach/ros2_ws/src/lucia_slam_navigation/lucia_slam/build/lucia_slam': CMAKE_PREFIX_PATH=${CMAKE_PREFIX_PATH}:/home/peach/ros2_ws/install/urdf_tutorial_r2d2:/home/peach/ros2_ws/install/urdf_robot:/home/peach/ros2_ws/install/ros2_workshop:/home/peach/ros2_ws/install/lucia_slam_navigation:/home/peach/ros2_ws/src/urdf_tutorial_r2d2/install/urdf_tutorial_r2d2:/home/peach/ros2_ws/src/install/urdf_tutorial_r2d2:/home/peach/ros2_ws/src/install/urdf_robot:/home/peach/ros2_ws/src/install/ros2_workshop:/opt/ros/humble /usr/bin/cmake --install /home/peach/ros2_ws/src/lucia_slam_navigation/lucia_slam/build/lucia_slam
[1.857s] -- Install configuration: ""
[1.857s] -- Installing: /home/peach/ros2_ws/src/lucia_slam_navigation/lucia_slam/install/lucia_slam/share/lucia_slam/launch
[1.857s] -- Installing: /home/peach/ros2_ws/src/lucia_slam_navigation/lucia_slam/install/lucia_slam/share/lucia_slam/launch/slam.launch.py
[1.857s] -- Installing: /home/peach/ros2_ws/src/lucia_slam_navigation/lucia_slam/install/lucia_slam/share/lucia_slam/launch/robot_bringup.launch.py
[1.858s] -- Installing: /home/peach/ros2_ws/src/lucia_slam_navigation/lucia_slam/install/lucia_slam/share/lucia_slam/config
[1.858s] -- Installing: /home/peach/ros2_ws/src/lucia_slam_navigation/lucia_slam/install/lucia_slam/share/lucia_slam/config/mapper_params_online_sync.yaml
[1.858s] -- Installing: /home/peach/ros2_ws/src/lucia_slam_navigation/lucia_slam/install/lucia_slam/share/lucia_slam/rviz
[1.859s] -- Installing: /home/peach/ros2_ws/src/lucia_slam_navigation/lucia_slam/install/lucia_slam/share/lucia_slam/rviz/default.rviz
[1.859s] -- Installing: /home/peach/ros2_ws/src/lucia_slam_navigation/lucia_slam/install/lucia_slam/share/ament_index/resource_index/package_run_dependencies/lucia_slam
[1.859s] -- Installing: /home/peach/ros2_ws/src/lucia_slam_navigation/lucia_slam/install/lucia_slam/share/ament_index/resource_index/parent_prefix_path/lucia_slam
[1.860s] -- Installing: /home/peach/ros2_ws/src/lucia_slam_navigation/lucia_slam/install/lucia_slam/share/lucia_slam/environment/ament_prefix_path.sh
[1.860s] -- Installing: /home/peach/ros2_ws/src/lucia_slam_navigation/lucia_slam/install/lucia_slam/share/lucia_slam/environment/ament_prefix_path.dsv
[1.860s] -- Installing: /home/peach/ros2_ws/src/lucia_slam_navigation/lucia_slam/install/lucia_slam/share/lucia_slam/environment/path.sh
[1.861s] -- Installing: /home/peach/ros2_ws/src/lucia_slam_navigation/lucia_slam/install/lucia_slam/share/lucia_slam/environment/path.dsv
[1.861s] -- Installing: /home/peach/ros2_ws/src/lucia_slam_navigation/lucia_slam/install/lucia_slam/share/lucia_slam/local_setup.bash
[1.861s] -- Installing: /home/peach/ros2_ws/src/lucia_slam_navigation/lucia_slam/install/lucia_slam/share/lucia_slam/local_setup.sh
[1.862s] -- Installing: /home/peach/ros2_ws/src/lucia_slam_navigation/lucia_slam/install/lucia_slam/share/lucia_slam/local_setup.zsh
[1.862s] -- Installing: /home/peach/ros2_ws/src/lucia_slam_navigation/lucia_slam/install/lucia_slam/share/lucia_slam/local_setup.dsv
[1.862s] -- Installing: /home/peach/ros2_ws/src/lucia_slam_navigation/lucia_slam/install/lucia_slam/share/lucia_slam/package.dsv
[1.863s] -- Installing: /home/peach/ros2_ws/src/lucia_slam_navigation/lucia_slam/install/lucia_slam/share/ament_index/resource_index/packages/lucia_slam
[1.863s] -- Installing: /home/peach/ros2_ws/src/lucia_slam_navigation/lucia_slam/install/lucia_slam/share/lucia_slam/cmake/lucia_slamConfig.cmake
[1.863s] -- Installing: /home/peach/ros2_ws/src/lucia_slam_navigation/lucia_slam/install/lucia_slam/share/lucia_slam/cmake/lucia_slamConfig-version.cmake
[1.864s] -- Installing: /home/peach/ros2_ws/src/lucia_slam_navigation/lucia_slam/install/lucia_slam/share/lucia_slam/package.xml
[1.866s] Invoked command in '/home/peach/ros2_ws/src/lucia_slam_navigation/lucia_slam/build/lucia_slam' returned '0': CMAKE_PREFIX_PATH=${CMAKE_PREFIX_PATH}:/home/peach/ros2_ws/install/urdf_tutorial_r2d2:/home/peach/ros2_ws/install/urdf_robot:/home/peach/ros2_ws/install/ros2_workshop:/home/peach/ros2_ws/install/lucia_slam_navigation:/home/peach/ros2_ws/src/urdf_tutorial_r2d2/install/urdf_tutorial_r2d2:/home/peach/ros2_ws/src/install/urdf_tutorial_r2d2:/home/peach/ros2_ws/src/install/urdf_robot:/home/peach/ros2_ws/src/install/ros2_workshop:/opt/ros/humble /usr/bin/cmake --install /home/peach/ros2_ws/src/lucia_slam_navigation/lucia_slam/build/lucia_slam
