[0.111s] DEBUG:colcon:Command line arguments: ['/usr/bin/colcon', 'build']
[0.111s] DEBUG:colcon:Parsed command line arguments: Namespace(log_base=None, log_level=None, verb_name='build', build_base='build', install_base='install', merge_install=False, symlink_install=False, test_result_base=None, continue_on_error=False, executor='parallel', parallel_workers=4, event_handlers=None, ignore_user_meta=False, metas=['./colcon.meta'], base_paths=['.'], packages_ignore=None, packages_ignore_regex=None, paths=None, packages_up_to=None, packages_up_to_regex=None, packages_above=None, packages_above_and_dependencies=None, packages_above_depth=None, packages_select_by_dep=None, packages_skip_by_dep=None, packages_skip_up_to=None, packages_select_build_failed=False, packages_skip_build_finished=False, packages_select_test_failures=False, packages_skip_test_passed=False, packages_select=None, packages_skip=None, packages_select_regex=None, packages_skip_regex=None, packages_start=None, packages_end=None, allow_overriding=[], cmake_args=None, cmake_target=None, cmake_target_skip_unavailable=False, cmake_clean_cache=False, cmake_clean_first=False, cmake_force_configure=False, ament_cmake_args=None, catkin_cmake_args=None, catkin_skip_building_tests=False, verb_parser=<colcon_defaults.argument_parser.defaults.DefaultArgumentsDecorator object at 0x7346f5ad63e0>, verb_extension=<colcon_core.verb.build.BuildVerb object at 0x7346f5ad5e10>, main=<bound method BuildVerb.main of <colcon_core.verb.build.BuildVerb object at 0x7346f5ad5e10>>)
[0.292s] Level 1:colcon.colcon_core.package_discovery:discover_packages(colcon_meta) check parameters
[0.292s] Level 1:colcon.colcon_core.package_discovery:discover_packages(recursive) check parameters
[0.292s] Level 1:colcon.colcon_core.package_discovery:discover_packages(ignore) check parameters
[0.292s] Level 1:colcon.colcon_core.package_discovery:discover_packages(path) check parameters
[0.292s] Level 1:colcon.colcon_core.package_discovery:discover_packages(colcon_meta) discover
[0.292s] Level 1:colcon.colcon_core.package_discovery:discover_packages(recursive) discover
[0.292s] INFO:colcon.colcon_core.package_discovery:Crawling recursively for packages in '/home/peach/ros2_ws/src/lucia_slam_navigation'
[0.292s] Level 1:colcon.colcon_core.package_identification:_identify(.) by extensions ['ignore', 'ignore_ament_install']
[0.292s] Level 1:colcon.colcon_core.package_identification:_identify(.) by extension 'ignore'
[0.292s] Level 1:colcon.colcon_core.package_identification:_identify(.) by extension 'ignore_ament_install'
[0.292s] Level 1:colcon.colcon_core.package_identification:_identify(.) by extensions ['colcon_pkg']
[0.292s] Level 1:colcon.colcon_core.package_identification:_identify(.) by extension 'colcon_pkg'
[0.293s] Level 1:colcon.colcon_core.package_identification:_identify(.) by extensions ['colcon_meta']
[0.293s] Level 1:colcon.colcon_core.package_identification:_identify(.) by extension 'colcon_meta'
[0.293s] Level 1:colcon.colcon_core.package_identification:_identify(.) by extensions ['ros']
[0.293s] Level 1:colcon.colcon_core.package_identification:_identify(.) by extension 'ros'
[0.303s] Level 1:colcon.colcon_core.package_identification:_identify(.) by extensions ['cmake', 'python']
[0.303s] Level 1:colcon.colcon_core.package_identification:_identify(.) by extension 'cmake'
[0.303s] Level 1:colcon.colcon_core.package_identification:_identify(.) by extension 'python'
[0.303s] Level 1:colcon.colcon_core.package_identification:_identify(.) by extensions ['python_setup_py']
[0.303s] Level 1:colcon.colcon_core.package_identification:_identify(.) by extension 'python_setup_py'
[0.304s] Level 1:colcon.colcon_core.package_identification:_identify(build) by extensions ['ignore', 'ignore_ament_install']
[0.304s] Level 1:colcon.colcon_core.package_identification:_identify(build) by extension 'ignore'
[0.304s] Level 1:colcon.colcon_core.package_identification:_identify(build) ignored
[0.304s] Level 1:colcon.colcon_core.package_identification:_identify(include) by extensions ['ignore', 'ignore_ament_install']
[0.304s] Level 1:colcon.colcon_core.package_identification:_identify(include) by extension 'ignore'
[0.304s] Level 1:colcon.colcon_core.package_identification:_identify(include) by extension 'ignore_ament_install'
[0.304s] Level 1:colcon.colcon_core.package_identification:_identify(include) by extensions ['colcon_pkg']
[0.304s] Level 1:colcon.colcon_core.package_identification:_identify(include) by extension 'colcon_pkg'
[0.304s] Level 1:colcon.colcon_core.package_identification:_identify(include) by extensions ['colcon_meta']
[0.304s] Level 1:colcon.colcon_core.package_identification:_identify(include) by extension 'colcon_meta'
[0.304s] Level 1:colcon.colcon_core.package_identification:_identify(include) by extensions ['ros']
[0.304s] Level 1:colcon.colcon_core.package_identification:_identify(include) by extension 'ros'
[0.304s] Level 1:colcon.colcon_core.package_identification:_identify(include) by extensions ['cmake', 'python']
[0.304s] Level 1:colcon.colcon_core.package_identification:_identify(include) by extension 'cmake'
[0.305s] Level 1:colcon.colcon_core.package_identification:_identify(include) by extension 'python'
[0.305s] Level 1:colcon.colcon_core.package_identification:_identify(include) by extensions ['python_setup_py']
[0.305s] Level 1:colcon.colcon_core.package_identification:_identify(include) by extension 'python_setup_py'
[0.305s] Level 1:colcon.colcon_core.package_identification:_identify(include/lucia_slam_navigation) by extensions ['ignore', 'ignore_ament_install']
[0.305s] Level 1:colcon.colcon_core.package_identification:_identify(include/lucia_slam_navigation) by extension 'ignore'
[0.305s] Level 1:colcon.colcon_core.package_identification:_identify(include/lucia_slam_navigation) by extension 'ignore_ament_install'
[0.305s] Level 1:colcon.colcon_core.package_identification:_identify(include/lucia_slam_navigation) by extensions ['colcon_pkg']
[0.305s] Level 1:colcon.colcon_core.package_identification:_identify(include/lucia_slam_navigation) by extension 'colcon_pkg'
[0.305s] Level 1:colcon.colcon_core.package_identification:_identify(include/lucia_slam_navigation) by extensions ['colcon_meta']
[0.305s] Level 1:colcon.colcon_core.package_identification:_identify(include/lucia_slam_navigation) by extension 'colcon_meta'
[0.305s] Level 1:colcon.colcon_core.package_identification:_identify(include/lucia_slam_navigation) by extensions ['ros']
[0.305s] Level 1:colcon.colcon_core.package_identification:_identify(include/lucia_slam_navigation) by extension 'ros'
[0.305s] Level 1:colcon.colcon_core.package_identification:_identify(include/lucia_slam_navigation) by extensions ['cmake', 'python']
[0.305s] Level 1:colcon.colcon_core.package_identification:_identify(include/lucia_slam_navigation) by extension 'cmake'
[0.305s] Level 1:colcon.colcon_core.package_identification:_identify(include/lucia_slam_navigation) by extension 'python'
[0.305s] Level 1:colcon.colcon_core.package_identification:_identify(include/lucia_slam_navigation) by extensions ['python_setup_py']
[0.306s] Level 1:colcon.colcon_core.package_identification:_identify(include/lucia_slam_navigation) by extension 'python_setup_py'
[0.306s] Level 1:colcon.colcon_core.package_identification:_identify(install) by extensions ['ignore', 'ignore_ament_install']
[0.306s] Level 1:colcon.colcon_core.package_identification:_identify(install) by extension 'ignore'
[0.306s] Level 1:colcon.colcon_core.package_identification:_identify(install) ignored
[0.306s] Level 1:colcon.colcon_core.package_identification:_identify(log) by extensions ['ignore', 'ignore_ament_install']
[0.306s] Level 1:colcon.colcon_core.package_identification:_identify(log) by extension 'ignore'
[0.306s] Level 1:colcon.colcon_core.package_identification:_identify(log) ignored
[0.306s] Level 1:colcon.colcon_core.package_identification:_identify(lucia_slam) by extensions ['ignore', 'ignore_ament_install']
[0.306s] Level 1:colcon.colcon_core.package_identification:_identify(lucia_slam) by extension 'ignore'
[0.306s] Level 1:colcon.colcon_core.package_identification:_identify(lucia_slam) by extension 'ignore_ament_install'
[0.306s] Level 1:colcon.colcon_core.package_identification:_identify(lucia_slam) by extensions ['colcon_pkg']
[0.306s] Level 1:colcon.colcon_core.package_identification:_identify(lucia_slam) by extension 'colcon_pkg'
[0.306s] Level 1:colcon.colcon_core.package_identification:_identify(lucia_slam) by extensions ['colcon_meta']
[0.306s] Level 1:colcon.colcon_core.package_identification:_identify(lucia_slam) by extension 'colcon_meta'
[0.307s] Level 1:colcon.colcon_core.package_identification:_identify(lucia_slam) by extensions ['ros']
[0.307s] Level 1:colcon.colcon_core.package_identification:_identify(lucia_slam) by extension 'ros'
[0.309s] DEBUG:colcon.colcon_core.package_identification:Package 'lucia_slam' with type 'ros.ament_cmake' and name 'lucia_slam'
[0.309s] Level 1:colcon.colcon_core.package_discovery:discover_packages(recursive) using defaults
[0.309s] Level 1:colcon.colcon_core.package_discovery:discover_packages(ignore) discover
[0.309s] Level 1:colcon.colcon_core.package_discovery:discover_packages(ignore) using defaults
[0.309s] Level 1:colcon.colcon_core.package_discovery:discover_packages(path) discover
[0.309s] Level 1:colcon.colcon_core.package_discovery:discover_packages(path) using defaults
[0.337s] Level 1:colcon.colcon_core.package_discovery:discover_packages(prefix_path) check parameters
[0.337s] Level 1:colcon.colcon_core.package_discovery:discover_packages(prefix_path) discover
[0.344s] DEBUG:colcon.colcon_installed_package_information.package_discovery:Found 27 installed packages in /home/peach/ros2_ws/install
[0.345s] DEBUG:colcon.colcon_installed_package_information.package_discovery:Found 5 installed packages in /home/peach/install
[0.346s] DEBUG:colcon.colcon_installed_package_information.package_discovery:Found 1 installed packages in /home/peach/ros2_ws/src/urdf_tutorial_r2d2/install
[0.347s] DEBUG:colcon.colcon_installed_package_information.package_discovery:Found 17 installed packages in /home/peach/ros2_ws/src/install
[0.352s] DEBUG:colcon.colcon_installed_package_information.package_discovery:Found 394 installed packages in /opt/ros/humble
[0.354s] Level 1:colcon.colcon_core.package_discovery:discover_packages(prefix_path) using defaults
[0.412s] Level 5:colcon.colcon_core.verb:set package 'lucia_slam' build argument 'cmake_args' from command line to 'None'
[0.412s] Level 5:colcon.colcon_core.verb:set package 'lucia_slam' build argument 'cmake_target' from command line to 'None'
[0.412s] Level 5:colcon.colcon_core.verb:set package 'lucia_slam' build argument 'cmake_target_skip_unavailable' from command line to 'False'
[0.412s] Level 5:colcon.colcon_core.verb:set package 'lucia_slam' build argument 'cmake_clean_cache' from command line to 'False'
[0.412s] Level 5:colcon.colcon_core.verb:set package 'lucia_slam' build argument 'cmake_clean_first' from command line to 'False'
[0.412s] Level 5:colcon.colcon_core.verb:set package 'lucia_slam' build argument 'cmake_force_configure' from command line to 'False'
[0.412s] Level 5:colcon.colcon_core.verb:set package 'lucia_slam' build argument 'ament_cmake_args' from command line to 'None'
[0.412s] Level 5:colcon.colcon_core.verb:set package 'lucia_slam' build argument 'catkin_cmake_args' from command line to 'None'
[0.412s] Level 5:colcon.colcon_core.verb:set package 'lucia_slam' build argument 'catkin_skip_building_tests' from command line to 'False'
[0.412s] DEBUG:colcon.colcon_core.verb:Building package 'lucia_slam' with the following arguments: {'ament_cmake_args': None, 'build_base': '/home/peach/ros2_ws/src/lucia_slam_navigation/build/lucia_slam', 'catkin_cmake_args': None, 'catkin_skip_building_tests': False, 'cmake_args': None, 'cmake_clean_cache': False, 'cmake_clean_first': False, 'cmake_force_configure': False, 'cmake_target': None, 'cmake_target_skip_unavailable': False, 'install_base': '/home/peach/ros2_ws/src/lucia_slam_navigation/install/lucia_slam', 'merge_install': False, 'path': '/home/peach/ros2_ws/src/lucia_slam_navigation/lucia_slam', 'symlink_install': False, 'test_result_base': None}
[0.413s] INFO:colcon.colcon_core.executor:Executing jobs using 'parallel' executor
[0.414s] DEBUG:colcon.colcon_parallel_executor.executor.parallel:run_until_complete
[0.414s] INFO:colcon.colcon_ros.task.ament_cmake.build:Building ROS package in '/home/peach/ros2_ws/src/lucia_slam_navigation/lucia_slam' with build type 'ament_cmake'
[0.415s] INFO:colcon.colcon_cmake.task.cmake.build:Building CMake package in '/home/peach/ros2_ws/src/lucia_slam_navigation/lucia_slam'
[0.418s] INFO:colcon.colcon_core.plugin_system:Skipping extension 'colcon_core.shell.bat': Not used on non-Windows systems
[0.418s] INFO:colcon.colcon_core.shell:Skip shell extension 'powershell' for command environment: Not usable outside of PowerShell
[0.418s] DEBUG:colcon.colcon_core.shell:Skip shell extension 'dsv' for command environment
[0.439s] DEBUG:colcon.colcon_core.event_handler.log_command:Invoking command in '/home/peach/ros2_ws/src/lucia_slam_navigation/build/lucia_slam': CMAKE_PREFIX_PATH=${CMAKE_PREFIX_PATH}:/home/peach/ros2_ws/install/urdf_tutorial_r2d2:/home/peach/ros2_ws/install/urdf_robot:/home/peach/ros2_ws/install/ros2_workshop:/home/peach/ros2_ws/install/lucia_slam_navigation:/home/peach/ros2_ws/src/urdf_tutorial_r2d2/install/urdf_tutorial_r2d2:/home/peach/ros2_ws/src/install/urdf_tutorial_r2d2:/home/peach/ros2_ws/src/install/urdf_robot:/home/peach/ros2_ws/src/install/ros2_workshop:/opt/ros/humble /usr/bin/cmake /home/peach/ros2_ws/src/lucia_slam_navigation/lucia_slam -DCMAKE_INSTALL_PREFIX=/home/peach/ros2_ws/src/lucia_slam_navigation/install/lucia_slam
[1.888s] DEBUG:colcon.colcon_core.event_handler.log_command:Invoked command in '/home/peach/ros2_ws/src/lucia_slam_navigation/build/lucia_slam' returned '0': CMAKE_PREFIX_PATH=${CMAKE_PREFIX_PATH}:/home/peach/ros2_ws/install/urdf_tutorial_r2d2:/home/peach/ros2_ws/install/urdf_robot:/home/peach/ros2_ws/install/ros2_workshop:/home/peach/ros2_ws/install/lucia_slam_navigation:/home/peach/ros2_ws/src/urdf_tutorial_r2d2/install/urdf_tutorial_r2d2:/home/peach/ros2_ws/src/install/urdf_tutorial_r2d2:/home/peach/ros2_ws/src/install/urdf_robot:/home/peach/ros2_ws/src/install/ros2_workshop:/opt/ros/humble /usr/bin/cmake /home/peach/ros2_ws/src/lucia_slam_navigation/lucia_slam -DCMAKE_INSTALL_PREFIX=/home/peach/ros2_ws/src/lucia_slam_navigation/install/lucia_slam
[1.888s] DEBUG:colcon.colcon_core.event_handler.log_command:Invoking command in '/home/peach/ros2_ws/src/lucia_slam_navigation/build/lucia_slam': CMAKE_PREFIX_PATH=${CMAKE_PREFIX_PATH}:/home/peach/ros2_ws/install/urdf_tutorial_r2d2:/home/peach/ros2_ws/install/urdf_robot:/home/peach/ros2_ws/install/ros2_workshop:/home/peach/ros2_ws/install/lucia_slam_navigation:/home/peach/ros2_ws/src/urdf_tutorial_r2d2/install/urdf_tutorial_r2d2:/home/peach/ros2_ws/src/install/urdf_tutorial_r2d2:/home/peach/ros2_ws/src/install/urdf_robot:/home/peach/ros2_ws/src/install/ros2_workshop:/opt/ros/humble /usr/bin/cmake --build /home/peach/ros2_ws/src/lucia_slam_navigation/build/lucia_slam -- -j4 -l4
[1.953s] DEBUG:colcon.colcon_core.event_handler.log_command:Invoked command in '/home/peach/ros2_ws/src/lucia_slam_navigation/build/lucia_slam' returned '0': CMAKE_PREFIX_PATH=${CMAKE_PREFIX_PATH}:/home/peach/ros2_ws/install/urdf_tutorial_r2d2:/home/peach/ros2_ws/install/urdf_robot:/home/peach/ros2_ws/install/ros2_workshop:/home/peach/ros2_ws/install/lucia_slam_navigation:/home/peach/ros2_ws/src/urdf_tutorial_r2d2/install/urdf_tutorial_r2d2:/home/peach/ros2_ws/src/install/urdf_tutorial_r2d2:/home/peach/ros2_ws/src/install/urdf_robot:/home/peach/ros2_ws/src/install/ros2_workshop:/opt/ros/humble /usr/bin/cmake --build /home/peach/ros2_ws/src/lucia_slam_navigation/build/lucia_slam -- -j4 -l4
[2.034s] DEBUG:colcon.colcon_core.event_handler.log_command:Invoking command in '/home/peach/ros2_ws/src/lucia_slam_navigation/build/lucia_slam': CMAKE_PREFIX_PATH=${CMAKE_PREFIX_PATH}:/home/peach/ros2_ws/install/urdf_tutorial_r2d2:/home/peach/ros2_ws/install/urdf_robot:/home/peach/ros2_ws/install/ros2_workshop:/home/peach/ros2_ws/install/lucia_slam_navigation:/home/peach/ros2_ws/src/urdf_tutorial_r2d2/install/urdf_tutorial_r2d2:/home/peach/ros2_ws/src/install/urdf_tutorial_r2d2:/home/peach/ros2_ws/src/install/urdf_robot:/home/peach/ros2_ws/src/install/ros2_workshop:/opt/ros/humble /usr/bin/cmake --install /home/peach/ros2_ws/src/lucia_slam_navigation/build/lucia_slam
[2.060s] Level 1:colcon.colcon_core.environment:create_environment_scripts_only(lucia_slam)
[2.061s] DEBUG:colcon.colcon_core.event_handler.log_command:Invoked command in '/home/peach/ros2_ws/src/lucia_slam_navigation/build/lucia_slam' returned '0': CMAKE_PREFIX_PATH=${CMAKE_PREFIX_PATH}:/home/peach/ros2_ws/install/urdf_tutorial_r2d2:/home/peach/ros2_ws/install/urdf_robot:/home/peach/ros2_ws/install/ros2_workshop:/home/peach/ros2_ws/install/lucia_slam_navigation:/home/peach/ros2_ws/src/urdf_tutorial_r2d2/install/urdf_tutorial_r2d2:/home/peach/ros2_ws/src/install/urdf_tutorial_r2d2:/home/peach/ros2_ws/src/install/urdf_robot:/home/peach/ros2_ws/src/install/ros2_workshop:/opt/ros/humble /usr/bin/cmake --install /home/peach/ros2_ws/src/lucia_slam_navigation/build/lucia_slam
[2.065s] Level 1:colcon.colcon_core.environment:checking '/home/peach/ros2_ws/src/lucia_slam_navigation/install/lucia_slam' for CMake module files
[2.065s] Level 1:colcon.colcon_core.environment:checking '/home/peach/ros2_ws/src/lucia_slam_navigation/install/lucia_slam' for CMake config files
[2.065s] Level 1:colcon.colcon_core.shell:create_environment_hook('lucia_slam', 'cmake_prefix_path')
[2.066s] INFO:colcon.colcon_core.shell:Creating environment hook '/home/peach/ros2_ws/src/lucia_slam_navigation/install/lucia_slam/share/lucia_slam/hook/cmake_prefix_path.ps1'
[2.066s] INFO:colcon.colcon_core.shell:Creating environment descriptor '/home/peach/ros2_ws/src/lucia_slam_navigation/install/lucia_slam/share/lucia_slam/hook/cmake_prefix_path.dsv'
[2.067s] INFO:colcon.colcon_core.shell:Creating environment hook '/home/peach/ros2_ws/src/lucia_slam_navigation/install/lucia_slam/share/lucia_slam/hook/cmake_prefix_path.sh'
[2.067s] Level 1:colcon.colcon_core.environment:checking '/home/peach/ros2_ws/src/lucia_slam_navigation/install/lucia_slam/bin'
[2.067s] Level 1:colcon.colcon_core.environment:checking '/home/peach/ros2_ws/src/lucia_slam_navigation/install/lucia_slam/lib/pkgconfig/lucia_slam.pc'
[2.068s] Level 1:colcon.colcon_core.environment:checking '/home/peach/ros2_ws/src/lucia_slam_navigation/install/lucia_slam/lib/python3.10/site-packages'
[2.068s] Level 1:colcon.colcon_core.environment:checking '/home/peach/ros2_ws/src/lucia_slam_navigation/install/lucia_slam/bin'
[2.068s] INFO:colcon.colcon_core.shell:Creating package script '/home/peach/ros2_ws/src/lucia_slam_navigation/install/lucia_slam/share/lucia_slam/package.ps1'
[2.069s] INFO:colcon.colcon_core.shell:Creating package descriptor '/home/peach/ros2_ws/src/lucia_slam_navigation/install/lucia_slam/share/lucia_slam/package.dsv'
[2.069s] INFO:colcon.colcon_core.shell:Creating package script '/home/peach/ros2_ws/src/lucia_slam_navigation/install/lucia_slam/share/lucia_slam/package.sh'
[2.070s] INFO:colcon.colcon_core.shell:Creating package script '/home/peach/ros2_ws/src/lucia_slam_navigation/install/lucia_slam/share/lucia_slam/package.bash'
[2.070s] INFO:colcon.colcon_core.shell:Creating package script '/home/peach/ros2_ws/src/lucia_slam_navigation/install/lucia_slam/share/lucia_slam/package.zsh'
[2.071s] Level 1:colcon.colcon_core.environment:create_file_with_runtime_dependencies(/home/peach/ros2_ws/src/lucia_slam_navigation/install/lucia_slam/share/colcon-core/packages/lucia_slam)
[2.126s] Level 1:colcon.colcon_core.environment:create_environment_scripts_only(lucia_slam)
[2.127s] Level 1:colcon.colcon_core.environment:checking '/home/peach/ros2_ws/src/lucia_slam_navigation/install/lucia_slam' for CMake module files
[2.127s] Level 1:colcon.colcon_core.environment:checking '/home/peach/ros2_ws/src/lucia_slam_navigation/install/lucia_slam' for CMake config files
[2.128s] Level 1:colcon.colcon_core.shell:create_environment_hook('lucia_slam', 'cmake_prefix_path')
[2.128s] INFO:colcon.colcon_core.shell:Creating environment hook '/home/peach/ros2_ws/src/lucia_slam_navigation/install/lucia_slam/share/lucia_slam/hook/cmake_prefix_path.ps1'
[2.128s] INFO:colcon.colcon_core.shell:Creating environment descriptor '/home/peach/ros2_ws/src/lucia_slam_navigation/install/lucia_slam/share/lucia_slam/hook/cmake_prefix_path.dsv'
[2.129s] INFO:colcon.colcon_core.shell:Creating environment hook '/home/peach/ros2_ws/src/lucia_slam_navigation/install/lucia_slam/share/lucia_slam/hook/cmake_prefix_path.sh'
[2.130s] Level 1:colcon.colcon_core.environment:checking '/home/peach/ros2_ws/src/lucia_slam_navigation/install/lucia_slam/bin'
[2.130s] Level 1:colcon.colcon_core.environment:checking '/home/peach/ros2_ws/src/lucia_slam_navigation/install/lucia_slam/lib/pkgconfig/lucia_slam.pc'
[2.130s] Level 1:colcon.colcon_core.environment:checking '/home/peach/ros2_ws/src/lucia_slam_navigation/install/lucia_slam/lib/python3.10/site-packages'
[2.130s] Level 1:colcon.colcon_core.environment:checking '/home/peach/ros2_ws/src/lucia_slam_navigation/install/lucia_slam/bin'
[2.130s] INFO:colcon.colcon_core.shell:Creating package script '/home/peach/ros2_ws/src/lucia_slam_navigation/install/lucia_slam/share/lucia_slam/package.ps1'
[2.131s] INFO:colcon.colcon_core.shell:Creating package descriptor '/home/peach/ros2_ws/src/lucia_slam_navigation/install/lucia_slam/share/lucia_slam/package.dsv'
[2.131s] INFO:colcon.colcon_core.shell:Creating package script '/home/peach/ros2_ws/src/lucia_slam_navigation/install/lucia_slam/share/lucia_slam/package.sh'
[2.132s] INFO:colcon.colcon_core.shell:Creating package script '/home/peach/ros2_ws/src/lucia_slam_navigation/install/lucia_slam/share/lucia_slam/package.bash'
[2.132s] INFO:colcon.colcon_core.shell:Creating package script '/home/peach/ros2_ws/src/lucia_slam_navigation/install/lucia_slam/share/lucia_slam/package.zsh'
[2.133s] Level 1:colcon.colcon_core.environment:create_file_with_runtime_dependencies(/home/peach/ros2_ws/src/lucia_slam_navigation/install/lucia_slam/share/colcon-core/packages/lucia_slam)
[2.134s] DEBUG:colcon.colcon_parallel_executor.executor.parallel:closing loop
[2.134s] DEBUG:colcon.colcon_parallel_executor.executor.parallel:loop closed
[2.134s] DEBUG:colcon.colcon_parallel_executor.executor.parallel:run_until_complete finished with '0'
[2.134s] DEBUG:colcon.colcon_core.event_reactor:joining thread
[2.140s] INFO:colcon.colcon_core.plugin_system:Skipping extension 'colcon_notification.desktop_notification.terminal_notifier': Not used on non-Darwin systems
[2.140s] INFO:colcon.colcon_core.plugin_system:Skipping extension 'colcon_notification.desktop_notification.win32': Not used on non-Windows systems
[2.140s] INFO:colcon.colcon_notification.desktop_notification:Sending desktop notification using 'notify2'
[2.156s] DEBUG:colcon.colcon_core.event_reactor:joined thread
[2.156s] INFO:colcon.colcon_core.shell:Creating prefix script '/home/peach/ros2_ws/src/lucia_slam_navigation/install/local_setup.ps1'
[2.157s] INFO:colcon.colcon_core.shell:Creating prefix util module '/home/peach/ros2_ws/src/lucia_slam_navigation/install/_local_setup_util_ps1.py'
[2.158s] INFO:colcon.colcon_core.shell:Creating prefix chain script '/home/peach/ros2_ws/src/lucia_slam_navigation/install/setup.ps1'
[2.164s] INFO:colcon.colcon_core.shell:Creating prefix script '/home/peach/ros2_ws/src/lucia_slam_navigation/install/local_setup.sh'
[2.165s] INFO:colcon.colcon_core.shell:Creating prefix util module '/home/peach/ros2_ws/src/lucia_slam_navigation/install/_local_setup_util_sh.py'
[2.166s] INFO:colcon.colcon_core.shell:Creating prefix chain script '/home/peach/ros2_ws/src/lucia_slam_navigation/install/setup.sh'
[2.171s] INFO:colcon.colcon_core.shell:Creating prefix script '/home/peach/ros2_ws/src/lucia_slam_navigation/install/local_setup.bash'
[2.172s] INFO:colcon.colcon_core.shell:Creating prefix chain script '/home/peach/ros2_ws/src/lucia_slam_navigation/install/setup.bash'
[2.178s] INFO:colcon.colcon_core.shell:Creating prefix script '/home/peach/ros2_ws/src/lucia_slam_navigation/install/local_setup.zsh'
[2.179s] INFO:colcon.colcon_core.shell:Creating prefix chain script '/home/peach/ros2_ws/src/lucia_slam_navigation/install/setup.zsh'
