[0.043s] Invoking command in '/home/peach/ros2_ws/src/lucia_slam_navigation/build/lucia_cartographer': CMAKE_PREFIX_PATH=${CMAKE_PREFIX_PATH}:/home/peach/ros2_ws/install/urdf_tutorial_r2d2:/home/peach/ros2_ws/install/urdf_robot:/home/peach/ros2_ws/install/ros2_workshop:/home/peach/ros2_ws/install/lucia_slam_navigation:/home/peach/ros2_ws/src/urdf_tutorial_r2d2/install/urdf_tutorial_r2d2:/home/peach/ros2_ws/src/install/urdf_tutorial_r2d2:/home/peach/ros2_ws/src/install/urdf_robot:/home/peach/ros2_ws/src/install/ros2_workshop:/opt/ros/humble /usr/bin/cmake --build /home/peach/ros2_ws/src/lucia_slam_navigation/build/lucia_cartographer -- -j4 -l4
[0.128s] Invoked command in '/home/peach/ros2_ws/src/lucia_slam_navigation/build/lucia_cartographer' returned '0': CMAKE_PREFIX_PATH=${CMAKE_PREFIX_PATH}:/home/peach/ros2_ws/install/urdf_tutorial_r2d2:/home/peach/ros2_ws/install/urdf_robot:/home/peach/ros2_ws/install/ros2_workshop:/home/peach/ros2_ws/install/lucia_slam_navigation:/home/peach/ros2_ws/src/urdf_tutorial_r2d2/install/urdf_tutorial_r2d2:/home/peach/ros2_ws/src/install/urdf_tutorial_r2d2:/home/peach/ros2_ws/src/install/urdf_robot:/home/peach/ros2_ws/src/install/ros2_workshop:/opt/ros/humble /usr/bin/cmake --build /home/peach/ros2_ws/src/lucia_slam_navigation/build/lucia_cartographer -- -j4 -l4
[0.208s] Invoking command in '/home/peach/ros2_ws/src/lucia_slam_navigation/build/lucia_cartographer': CMAKE_PREFIX_PATH=${CMAKE_PREFIX_PATH}:/home/peach/ros2_ws/install/urdf_tutorial_r2d2:/home/peach/ros2_ws/install/urdf_robot:/home/peach/ros2_ws/install/ros2_workshop:/home/peach/ros2_ws/install/lucia_slam_navigation:/home/peach/ros2_ws/src/urdf_tutorial_r2d2/install/urdf_tutorial_r2d2:/home/peach/ros2_ws/src/install/urdf_tutorial_r2d2:/home/peach/ros2_ws/src/install/urdf_robot:/home/peach/ros2_ws/src/install/ros2_workshop:/opt/ros/humble /usr/bin/cmake --install /home/peach/ros2_ws/src/lucia_slam_navigation/build/lucia_cartographer
[0.232s] -- Install configuration: ""
[0.232s] -- Up-to-date: /home/peach/ros2_ws/src/lucia_slam_navigation/install/lucia_cartographer/share/lucia_cartographer/launch
[0.233s] -- Up-to-date: /home/peach/ros2_ws/src/lucia_slam_navigation/install/lucia_cartographer/share/lucia_cartographer/launch/occupancy_grid.launch.py
[0.233s] -- Installing: /home/peach/ros2_ws/src/lucia_slam_navigation/install/lucia_cartographer/share/lucia_cartographer/launch/urg_node2_cartographer.launch.py
[0.233s] -- Up-to-date: /home/peach/ros2_ws/src/lucia_slam_navigation/install/lucia_cartographer/share/lucia_cartographer/config
[0.233s] -- Up-to-date: /home/peach/ros2_ws/src/lucia_slam_navigation/install/lucia_cartographer/share/lucia_cartographer/config/urg_cartographer.lua
[0.234s] -- Up-to-date: /home/peach/ros2_ws/src/lucia_slam_navigation/install/lucia_cartographer/share/lucia_cartographer/rviz
[0.234s] -- Up-to-date: /home/peach/ros2_ws/src/lucia_slam_navigation/install/lucia_cartographer/share/lucia_cartographer/rviz/urg_cartographer.rviz
[0.234s] -- Up-to-date: /home/peach/ros2_ws/src/lucia_slam_navigation/install/lucia_cartographer/share/ament_index/resource_index/package_run_dependencies/lucia_cartographer
[0.235s] -- Up-to-date: /home/peach/ros2_ws/src/lucia_slam_navigation/install/lucia_cartographer/share/ament_index/resource_index/parent_prefix_path/lucia_cartographer
[0.235s] -- Up-to-date: /home/peach/ros2_ws/src/lucia_slam_navigation/install/lucia_cartographer/share/lucia_cartographer/environment/ament_prefix_path.sh
[0.235s] -- Up-to-date: /home/peach/ros2_ws/src/lucia_slam_navigation/install/lucia_cartographer/share/lucia_cartographer/environment/ament_prefix_path.dsv
[0.236s] -- Up-to-date: /home/peach/ros2_ws/src/lucia_slam_navigation/install/lucia_cartographer/share/lucia_cartographer/environment/path.sh
[0.236s] -- Up-to-date: /home/peach/ros2_ws/src/lucia_slam_navigation/install/lucia_cartographer/share/lucia_cartographer/environment/path.dsv
[0.236s] -- Up-to-date: /home/peach/ros2_ws/src/lucia_slam_navigation/install/lucia_cartographer/share/lucia_cartographer/local_setup.bash
[0.236s] -- Up-to-date: /home/peach/ros2_ws/src/lucia_slam_navigation/install/lucia_cartographer/share/lucia_cartographer/local_setup.sh
[0.237s] -- Up-to-date: /home/peach/ros2_ws/src/lucia_slam_navigation/install/lucia_cartographer/share/lucia_cartographer/local_setup.zsh
[0.237s] -- Up-to-date: /home/peach/ros2_ws/src/lucia_slam_navigation/install/lucia_cartographer/share/lucia_cartographer/local_setup.dsv
[0.237s] -- Installing: /home/peach/ros2_ws/src/lucia_slam_navigation/install/lucia_cartographer/share/lucia_cartographer/package.dsv
[0.238s] -- Up-to-date: /home/peach/ros2_ws/src/lucia_slam_navigation/install/lucia_cartographer/share/ament_index/resource_index/packages/lucia_cartographer
[0.238s] -- Up-to-date: /home/peach/ros2_ws/src/lucia_slam_navigation/install/lucia_cartographer/share/lucia_cartographer/cmake/lucia_cartographerConfig.cmake
[0.238s] -- Up-to-date: /home/peach/ros2_ws/src/lucia_slam_navigation/install/lucia_cartographer/share/lucia_cartographer/cmake/lucia_cartographerConfig-version.cmake
[0.238s] -- Up-to-date: /home/peach/ros2_ws/src/lucia_slam_navigation/install/lucia_cartographer/share/lucia_cartographer/package.xml
[0.253s] Invoked command in '/home/peach/ros2_ws/src/lucia_slam_navigation/build/lucia_cartographer' returned '0': CMAKE_PREFIX_PATH=${CMAKE_PREFIX_PATH}:/home/peach/ros2_ws/install/urdf_tutorial_r2d2:/home/peach/ros2_ws/install/urdf_robot:/home/peach/ros2_ws/install/ros2_workshop:/home/peach/ros2_ws/install/lucia_slam_navigation:/home/peach/ros2_ws/src/urdf_tutorial_r2d2/install/urdf_tutorial_r2d2:/home/peach/ros2_ws/src/install/urdf_tutorial_r2d2:/home/peach/ros2_ws/src/install/urdf_robot:/home/peach/ros2_ws/src/install/ros2_workshop:/opt/ros/humble /usr/bin/cmake --install /home/peach/ros2_ws/src/lucia_slam_navigation/build/lucia_cartographer
